Imagenet training job starting at 09/08/25 16:54:32
Using device: cuda
=> creating model 'resnet18'
Epoch: [0][   1/5005]	Time  6.274 ( 6.274)	Data  2.817 ( 2.817)	Loss 7.0176e+00 (7.0176e+00)	Acc@1   0.00 (  0.00)	Acc@5   0.39 (  0.39)
Epoch: [0][  11/5005]	Time  0.096 ( 0.639)	Data  0.000 ( 0.256)	Loss 7.1264e+00 (7.0493e+00)	Acc@1   0.39 (  0.14)	Acc@5   0.78 (  0.67)
Epoch: [0][  21/5005]	Time  0.078 ( 0.392)	Data  0.000 ( 0.154)	Loss 7.1470e+00 (7.0963e+00)	Acc@1   0.00 (  0.11)	Acc@5   0.39 (  0.65)
Epoch: [0][  31/5005]	Time  0.073 ( 0.316)	Data  0.000 ( 0.133)	Loss 6.9999e+00 (7.0848e+00)	Acc@1   1.17 (  0.21)	Acc@5   1.95 (  0.88)
Epoch: [0][  41/5005]	Time  0.074 ( 0.278)	Data  0.000 ( 0.124)	Loss 6.9043e+00 (7.0586e+00)	Acc@1   0.00 (  0.26)	Acc@5   0.78 (  0.98)
Epoch: [0][  51/5005]	Time  0.080 ( 0.269)	Data  0.037 ( 0.134)	Loss 6.8971e+00 (7.0290e+00)	Acc@1   0.00 (  0.25)	Acc@5   0.39 (  1.00)
Epoch: [0][  61/5005]	Time  0.074 ( 0.252)	Data  0.000 ( 0.128)	Loss 6.8756e+00 (7.0041e+00)	Acc@1   0.00 (  0.24)	Acc@5   1.95 (  1.13)
Epoch: [0][  71/5005]	Time  0.073 ( 0.239)	Data  0.000 ( 0.124)	Loss 6.7342e+00 (6.9772e+00)	Acc@1   0.00 (  0.24)	Acc@5   0.00 (  1.19)
Epoch: [0][  81/5005]	Time  0.075 ( 0.229)	Data  0.019 ( 0.121)	Loss 6.7817e+00 (6.9545e+00)	Acc@1   1.17 (  0.26)	Acc@5   2.34 (  1.30)
Epoch: [0][  91/5005]	Time  0.165 ( 0.230)	Data  0.120 ( 0.126)	Loss 6.6987e+00 (6.9305e+00)	Acc@1   1.17 (  0.28)	Acc@5   4.30 (  1.43)
Epoch: [0][ 101/5005]	Time  0.074 ( 0.222)	Data  0.000 ( 0.123)	Loss 6.6777e+00 (6.9087e+00)	Acc@1   0.00 (  0.31)	Acc@5   2.34 (  1.56)
Epoch: [0][ 111/5005]	Time  0.075 ( 0.216)	Data  0.000 ( 0.120)	Loss 6.7290e+00 (6.8908e+00)	Acc@1   1.17 (  0.35)	Acc@5   3.12 (  1.66)
Epoch: [0][ 121/5005]	Time  0.199 ( 0.213)	Data  0.147 ( 0.120)	Loss 6.7231e+00 (6.8739e+00)	Acc@1   0.00 (  0.36)	Acc@5   2.34 (  1.73)
Epoch: [0][ 131/5005]	Time  0.073 ( 0.213)	Data  0.000 ( 0.123)	Loss 6.6955e+00 (6.8592e+00)	Acc@1   0.78 (  0.36)	Acc@5   4.69 (  1.79)
Epoch: [0][ 141/5005]	Time  0.075 ( 0.209)	Data  0.000 ( 0.121)	Loss 6.6276e+00 (6.8450e+00)	Acc@1   0.39 (  0.38)	Acc@5   3.12 (  1.85)
Epoch: [0][ 151/5005]	Time  0.077 ( 0.206)	Data  0.000 ( 0.120)	Loss 6.6044e+00 (6.8315e+00)	Acc@1   0.78 (  0.39)	Acc@5   1.56 (  1.87)
Epoch: [0][ 161/5005]	Time  0.071 ( 0.203)	Data  0.011 ( 0.118)	Loss 6.6671e+00 (6.8171e+00)	Acc@1   0.00 (  0.42)	Acc@5   1.95 (  1.93)
Epoch: [0][ 171/5005]	Time  0.075 ( 0.206)	Data  0.000 ( 0.122)	Loss 6.6530e+00 (6.8040e+00)	Acc@1   0.78 (  0.45)	Acc@5   3.52 (  2.01)
Epoch: [0][ 181/5005]	Time  0.076 ( 0.203)	Data  0.000 ( 0.120)	Loss 6.6089e+00 (6.7930e+00)	Acc@1   0.00 (  0.47)	Acc@5   1.17 (  2.05)
Epoch: [0][ 191/5005]	Time  0.075 ( 0.201)	Data  0.000 ( 0.119)	Loss 6.6317e+00 (6.7827e+00)	Acc@1   0.39 (  0.48)	Acc@5   1.56 (  2.09)
Epoch: [0][ 201/5005]	Time  0.075 ( 0.198)	Data  0.000 ( 0.117)	Loss 6.5818e+00 (6.7722e+00)	Acc@1   1.56 (  0.49)	Acc@5   4.69 (  2.12)
Epoch: [0][ 211/5005]	Time  0.073 ( 0.200)	Data  0.000 ( 0.120)	Loss 6.4410e+00 (6.7612e+00)	Acc@1   0.78 (  0.51)	Acc@5   3.12 (  2.17)
Epoch: [0][ 221/5005]	Time  0.074 ( 0.198)	Data  0.000 ( 0.118)	Loss 6.4755e+00 (6.7508e+00)	Acc@1   0.39 (  0.54)	Acc@5   2.34 (  2.24)
Epoch: [0][ 231/5005]	Time  0.076 ( 0.196)	Data  0.000 ( 0.116)	Loss 6.4710e+00 (6.7401e+00)	Acc@1   2.34 (  0.56)	Acc@5   5.47 (  2.28)
Epoch: [0][ 241/5005]	Time  0.073 ( 0.195)	Data  0.000 ( 0.116)	Loss 6.5729e+00 (6.7307e+00)	Acc@1   0.78 (  0.59)	Acc@5   4.69 (  2.36)
Epoch: [0][ 251/5005]	Time  0.187 ( 0.197)	Data  0.133 ( 0.118)	Loss 6.4897e+00 (6.7207e+00)	Acc@1   0.39 (  0.60)	Acc@5   2.34 (  2.42)
Epoch: [0][ 261/5005]	Time  0.074 ( 0.196)	Data  0.000 ( 0.118)	Loss 6.5651e+00 (6.7117e+00)	Acc@1   1.17 (  0.62)	Acc@5   3.91 (  2.48)
Epoch: [0][ 271/5005]	Time  0.075 ( 0.194)	Data  0.000 ( 0.117)	Loss 6.4713e+00 (6.7011e+00)	Acc@1   1.95 (  0.64)	Acc@5   4.30 (  2.54)
Epoch: [0][ 281/5005]	Time  0.071 ( 0.193)	Data  0.000 ( 0.116)	Loss 6.3280e+00 (6.6926e+00)	Acc@1   1.17 (  0.63)	Acc@5   4.69 (  2.55)
Epoch: [0][ 291/5005]	Time  0.415 ( 0.195)	Data  0.366 ( 0.118)	Loss 6.4648e+00 (6.6830e+00)	Acc@1   0.78 (  0.65)	Acc@5   3.91 (  2.61)
Epoch: [0][ 301/5005]	Time  0.079 ( 0.193)	Data  0.000 ( 0.118)	Loss 6.3895e+00 (6.6728e+00)	Acc@1   0.39 (  0.67)	Acc@5   4.30 (  2.66)
Epoch: [0][ 311/5005]	Time  0.072 ( 0.192)	Data  0.000 ( 0.117)	Loss 6.3090e+00 (6.6633e+00)	Acc@1   1.17 (  0.69)	Acc@5   6.64 (  2.72)
Epoch: [0][ 321/5005]	Time  0.072 ( 0.191)	Data  0.000 ( 0.116)	Loss 6.4367e+00 (6.6550e+00)	Acc@1   2.34 (  0.70)	Acc@5   3.52 (  2.78)
Epoch: [0][ 331/5005]	Time  0.273 ( 0.192)	Data  0.232 ( 0.118)	Loss 6.4544e+00 (6.6456e+00)	Acc@1   1.56 (  0.73)	Acc@5   3.91 (  2.83)
Epoch: [0][ 341/5005]	Time  0.072 ( 0.191)	Data  0.000 ( 0.117)	Loss 6.4355e+00 (6.6361e+00)	Acc@1   0.78 (  0.74)	Acc@5   4.69 (  2.89)
Epoch: [0][ 351/5005]	Time  0.073 ( 0.190)	Data  0.000 ( 0.116)	Loss 6.2729e+00 (6.6270e+00)	Acc@1   0.78 (  0.76)	Acc@5   3.52 (  2.96)
Epoch: [0][ 361/5005]	Time  0.075 ( 0.191)	Data  0.000 ( 0.117)	Loss 6.3411e+00 (6.6192e+00)	Acc@1   1.95 (  0.78)	Acc@5   6.25 (  3.00)
Epoch: [0][ 371/5005]	Time  0.109 ( 0.190)	Data  0.038 ( 0.117)	Loss 6.2608e+00 (6.6101e+00)	Acc@1   1.56 (  0.80)	Acc@5   5.86 (  3.07)
Epoch: [0][ 381/5005]	Time  0.075 ( 0.190)	Data  0.000 ( 0.117)	Loss 6.1969e+00 (6.6013e+00)	Acc@1   1.56 (  0.82)	Acc@5   5.47 (  3.12)
Epoch: [0][ 391/5005]	Time  0.075 ( 0.189)	Data  0.000 ( 0.116)	Loss 6.2992e+00 (6.5929e+00)	Acc@1   1.56 (  0.83)	Acc@5   3.52 (  3.19)
Epoch: [0][ 401/5005]	Time  0.074 ( 0.189)	Data  0.000 ( 0.117)	Loss 6.2143e+00 (6.5845e+00)	Acc@1   2.34 (  0.85)	Acc@5   6.64 (  3.26)
Epoch: [0][ 411/5005]	Time  0.074 ( 0.189)	Data  0.000 ( 0.117)	Loss 6.1481e+00 (6.5764e+00)	Acc@1   3.12 (  0.86)	Acc@5   7.81 (  3.31)
Epoch: [0][ 421/5005]	Time  0.079 ( 0.188)	Data  0.000 ( 0.116)	Loss 6.2276e+00 (6.5672e+00)	Acc@1   0.78 (  0.87)	Acc@5   5.86 (  3.36)
Epoch: [0][ 431/5005]	Time  0.076 ( 0.188)	Data  0.000 ( 0.116)	Loss 6.1668e+00 (6.5596e+00)	Acc@1   1.95 (  0.88)	Acc@5   8.20 (  3.41)
Epoch: [0][ 441/5005]	Time  0.075 ( 0.188)	Data  0.000 ( 0.116)	Loss 6.1937e+00 (6.5514e+00)	Acc@1   1.56 (  0.89)	Acc@5   4.30 (  3.46)
Epoch: [0][ 451/5005]	Time  0.076 ( 0.189)	Data  0.000 ( 0.117)	Loss 6.1879e+00 (6.5430e+00)	Acc@1   2.34 (  0.91)	Acc@5   5.86 (  3.52)
Epoch: [0][ 461/5005]	Time  0.076 ( 0.188)	Data  0.000 ( 0.116)	Loss 6.1164e+00 (6.5350e+00)	Acc@1   1.95 (  0.93)	Acc@5   4.69 (  3.57)
Epoch: [0][ 471/5005]	Time  0.074 ( 0.187)	Data  0.000 ( 0.116)	Loss 6.0867e+00 (6.5269e+00)	Acc@1   2.34 (  0.95)	Acc@5   7.03 (  3.62)
Epoch: [0][ 481/5005]	Time  0.074 ( 0.187)	Data  0.000 ( 0.116)	Loss 6.1716e+00 (6.5188e+00)	Acc@1   3.12 (  0.97)	Acc@5   6.25 (  3.70)
Epoch: [0][ 491/5005]	Time  0.069 ( 0.188)	Data  0.000 ( 0.116)	Loss 6.0716e+00 (6.5109e+00)	Acc@1   1.95 (  0.99)	Acc@5   5.47 (  3.77)
Epoch: [0][ 501/5005]	Time  0.076 ( 0.187)	Data  0.000 ( 0.116)	Loss 5.9942e+00 (6.5032e+00)	Acc@1   3.91 (  1.01)	Acc@5   9.77 (  3.82)
Epoch: [0][ 511/5005]	Time  0.074 ( 0.187)	Data  0.000 ( 0.116)	Loss 5.9032e+00 (6.4955e+00)	Acc@1   3.91 (  1.04)	Acc@5  11.72 (  3.89)
Epoch: [0][ 521/5005]	Time  0.072 ( 0.187)	Data  0.000 ( 0.115)	Loss 6.0322e+00 (6.4877e+00)	Acc@1   1.95 (  1.06)	Acc@5   7.81 (  3.96)
Epoch: [0][ 531/5005]	Time  0.071 ( 0.188)	Data  0.000 ( 0.116)	Loss 6.0626e+00 (6.4803e+00)	Acc@1   1.56 (  1.08)	Acc@5   7.42 (  4.02)
Epoch: [0][ 541/5005]	Time  0.065 ( 0.187)	Data  0.001 ( 0.116)	Loss 5.9820e+00 (6.4732e+00)	Acc@1   3.91 (  1.10)	Acc@5   8.98 (  4.08)
Epoch: [0][ 551/5005]	Time  0.075 ( 0.186)	Data  0.000 ( 0.115)	Loss 6.0278e+00 (6.4653e+00)	Acc@1   1.95 (  1.11)	Acc@5   6.64 (  4.14)
Epoch: [0][ 561/5005]	Time  0.075 ( 0.186)	Data  0.000 ( 0.115)	Loss 6.1025e+00 (6.4574e+00)	Acc@1   2.34 (  1.13)	Acc@5   8.59 (  4.22)
Epoch: [0][ 571/5005]	Time  0.073 ( 0.187)	Data  0.000 ( 0.116)	Loss 6.0792e+00 (6.4501e+00)	Acc@1   2.73 (  1.16)	Acc@5   6.25 (  4.28)
Epoch: [0][ 581/5005]	Time  0.074 ( 0.187)	Data  0.000 ( 0.116)	Loss 6.0299e+00 (6.4425e+00)	Acc@1   0.78 (  1.18)	Acc@5   6.64 (  4.36)
Epoch: [0][ 591/5005]	Time  0.074 ( 0.186)	Data  0.000 ( 0.115)	Loss 6.0615e+00 (6.4344e+00)	Acc@1   1.95 (  1.21)	Acc@5   5.47 (  4.44)
Epoch: [0][ 601/5005]	Time  0.084 ( 0.186)	Data  0.000 ( 0.115)	Loss 5.9693e+00 (6.4263e+00)	Acc@1   1.17 (  1.23)	Acc@5   9.77 (  4.50)
Epoch: [0][ 611/5005]	Time  0.077 ( 0.186)	Data  0.000 ( 0.116)	Loss 5.9481e+00 (6.4185e+00)	Acc@1   3.52 (  1.25)	Acc@5  10.16 (  4.59)
Epoch: [0][ 621/5005]	Time  0.073 ( 0.186)	Data  0.000 ( 0.115)	Loss 5.9635e+00 (6.4110e+00)	Acc@1   1.17 (  1.27)	Acc@5  10.16 (  4.67)
Epoch: [0][ 631/5005]	Time  0.072 ( 0.185)	Data  0.000 ( 0.115)	Loss 5.9636e+00 (6.4043e+00)	Acc@1   1.56 (  1.29)	Acc@5   7.81 (  4.74)
Epoch: [0][ 641/5005]	Time  0.076 ( 0.185)	Data  0.000 ( 0.114)	Loss 5.9881e+00 (6.3972e+00)	Acc@1   2.73 (  1.30)	Acc@5   8.20 (  4.79)
Epoch: [0][ 651/5005]	Time  0.073 ( 0.186)	Data  0.000 ( 0.115)	Loss 5.9650e+00 (6.3904e+00)	Acc@1   3.52 (  1.33)	Acc@5   9.38 (  4.86)
Epoch: [0][ 661/5005]	Time  0.079 ( 0.186)	Data  0.000 ( 0.115)	Loss 5.7909e+00 (6.3832e+00)	Acc@1   4.30 (  1.35)	Acc@5  14.06 (  4.95)
Epoch: [0][ 671/5005]	Time  0.076 ( 0.185)	Data  0.000 ( 0.115)	Loss 5.8867e+00 (6.3763e+00)	Acc@1   2.34 (  1.37)	Acc@5  10.94 (  5.01)
Epoch: [0][ 681/5005]	Time  0.076 ( 0.185)	Data  0.000 ( 0.114)	Loss 5.9094e+00 (6.3691e+00)	Acc@1   2.34 (  1.39)	Acc@5   8.59 (  5.08)
Epoch: [0][ 691/5005]	Time  0.078 ( 0.185)	Data  0.000 ( 0.115)	Loss 5.8575e+00 (6.3625e+00)	Acc@1   2.73 (  1.40)	Acc@5  10.55 (  5.14)
Epoch: [0][ 701/5005]	Time  0.075 ( 0.185)	Data  0.000 ( 0.115)	Loss 5.9158e+00 (6.3558e+00)	Acc@1   4.69 (  1.43)	Acc@5   9.77 (  5.20)
Epoch: [0][ 711/5005]	Time  0.074 ( 0.184)	Data  0.000 ( 0.114)	Loss 5.7277e+00 (6.3487e+00)	Acc@1   1.95 (  1.46)	Acc@5   7.81 (  5.26)
Epoch: [0][ 721/5005]	Time  0.075 ( 0.184)	Data  0.000 ( 0.114)	Loss 5.6696e+00 (6.3409e+00)	Acc@1   3.12 (  1.49)	Acc@5  10.94 (  5.32)
Epoch: [0][ 731/5005]	Time  0.073 ( 0.185)	Data  0.000 ( 0.114)	Loss 5.8842e+00 (6.3342e+00)	Acc@1   2.73 (  1.50)	Acc@5  10.55 (  5.40)
Epoch: [0][ 741/5005]	Time  0.072 ( 0.184)	Data  0.000 ( 0.114)	Loss 5.9652e+00 (6.3273e+00)	Acc@1   3.52 (  1.53)	Acc@5   8.59 (  5.48)
Epoch: [0][ 751/5005]	Time  0.074 ( 0.184)	Data  0.000 ( 0.114)	Loss 5.9627e+00 (6.3208e+00)	Acc@1   1.95 (  1.56)	Acc@5   7.03 (  5.54)
Epoch: [0][ 761/5005]	Time  0.073 ( 0.184)	Data  0.000 ( 0.114)	Loss 5.7618e+00 (6.3142e+00)	Acc@1   4.30 (  1.57)	Acc@5  13.28 (  5.60)
Epoch: [0][ 771/5005]	Time  0.076 ( 0.184)	Data  0.000 ( 0.114)	Loss 5.8804e+00 (6.3082e+00)	Acc@1   2.34 (  1.59)	Acc@5  12.11 (  5.66)
Epoch: [0][ 781/5005]	Time  0.074 ( 0.184)	Data  0.000 ( 0.114)	Loss 5.7425e+00 (6.3016e+00)	Acc@1   3.52 (  1.62)	Acc@5  10.16 (  5.73)
Epoch: [0][ 791/5005]	Time  0.072 ( 0.184)	Data  0.000 ( 0.114)	Loss 5.7767e+00 (6.2950e+00)	Acc@1   3.12 (  1.64)	Acc@5   9.38 (  5.79)
Epoch: [0][ 801/5005]	Time  0.071 ( 0.184)	Data  0.000 ( 0.114)	Loss 5.7170e+00 (6.2884e+00)	Acc@1   2.73 (  1.66)	Acc@5  10.16 (  5.85)
Epoch: [0][ 811/5005]	Time  0.075 ( 0.184)	Data  0.000 ( 0.114)	Loss 5.8780e+00 (6.2825e+00)	Acc@1   3.12 (  1.69)	Acc@5   8.59 (  5.91)
Epoch: [0][ 821/5005]	Time  0.073 ( 0.183)	Data  0.000 ( 0.114)	Loss 5.7716e+00 (6.2762e+00)	Acc@1   5.47 (  1.71)	Acc@5  13.67 (  5.97)
Epoch: [0][ 831/5005]	Time  0.076 ( 0.184)	Data  0.000 ( 0.114)	Loss 5.8177e+00 (6.2702e+00)	Acc@1   2.73 (  1.72)	Acc@5  11.33 (  6.03)
Epoch: [0][ 841/5005]	Time  0.077 ( 0.184)	Data  0.000 ( 0.114)	Loss 5.6927e+00 (6.2635e+00)	Acc@1   1.56 (  1.73)	Acc@5   9.38 (  6.10)
Epoch: [0][ 851/5005]	Time  0.072 ( 0.183)	Data  0.000 ( 0.114)	Loss 5.6383e+00 (6.2569e+00)	Acc@1   3.12 (  1.75)	Acc@5  10.94 (  6.17)
Epoch: [0][ 861/5005]	Time  0.082 ( 0.183)	Data  0.000 ( 0.113)	Loss 5.8445e+00 (6.2515e+00)	Acc@1   2.34 (  1.77)	Acc@5  10.55 (  6.23)
Epoch: [0][ 871/5005]	Time  0.073 ( 0.183)	Data  0.000 ( 0.114)	Loss 5.7585e+00 (6.2458e+00)	Acc@1   3.12 (  1.80)	Acc@5  10.94 (  6.30)
Epoch: [0][ 881/5005]	Time  0.065 ( 0.183)	Data  0.000 ( 0.114)	Loss 5.7734e+00 (6.2399e+00)	Acc@1   3.52 (  1.81)	Acc@5  10.55 (  6.36)
Epoch: [0][ 891/5005]	Time  0.075 ( 0.183)	Data  0.000 ( 0.114)	Loss 5.6297e+00 (6.2339e+00)	Acc@1   4.30 (  1.83)	Acc@5  13.67 (  6.42)
Epoch: [0][ 901/5005]	Time  0.075 ( 0.183)	Data  0.000 ( 0.113)	Loss 5.8224e+00 (6.2279e+00)	Acc@1   2.34 (  1.85)	Acc@5   8.59 (  6.49)
Epoch: [0][ 911/5005]	Time  0.076 ( 0.183)	Data  0.000 ( 0.114)	Loss 5.6068e+00 (6.2219e+00)	Acc@1   5.47 (  1.87)	Acc@5  13.67 (  6.55)
Epoch: [0][ 921/5005]	Time  0.077 ( 0.183)	Data  0.001 ( 0.114)	Loss 5.6531e+00 (6.2163e+00)	Acc@1   1.17 (  1.89)	Acc@5  12.50 (  6.60)
Epoch: [0][ 931/5005]	Time  0.075 ( 0.183)	Data  0.000 ( 0.114)	Loss 5.7483e+00 (6.2109e+00)	Acc@1   3.12 (  1.91)	Acc@5  12.11 (  6.65)
Epoch: [0][ 941/5005]	Time  0.074 ( 0.182)	Data  0.000 ( 0.113)	Loss 5.6175e+00 (6.2051e+00)	Acc@1   3.52 (  1.93)	Acc@5  11.72 (  6.72)
Epoch: [0][ 951/5005]	Time  0.076 ( 0.183)	Data  0.000 ( 0.114)	Loss 5.6396e+00 (6.1993e+00)	Acc@1   6.25 (  1.96)	Acc@5  13.67 (  6.79)
Epoch: [0][ 961/5005]	Time  0.076 ( 0.182)	Data  0.000 ( 0.114)	Loss 5.7022e+00 (6.1936e+00)	Acc@1   3.91 (  1.98)	Acc@5  12.50 (  6.86)
Epoch: [0][ 971/5005]	Time  0.073 ( 0.182)	Data  0.000 ( 0.113)	Loss 5.5491e+00 (6.1879e+00)	Acc@1   3.12 (  2.00)	Acc@5  11.72 (  6.92)
Epoch: [0][ 981/5005]	Time  0.072 ( 0.182)	Data  0.000 ( 0.113)	Loss 5.6529e+00 (6.1821e+00)	Acc@1   4.30 (  2.02)	Acc@5  12.50 (  6.99)
Epoch: [0][ 991/5005]	Time  0.075 ( 0.183)	Data  0.000 ( 0.114)	Loss 5.5695e+00 (6.1763e+00)	Acc@1   3.52 (  2.05)	Acc@5  12.11 (  7.06)
Epoch: [0][1001/5005]	Time  0.072 ( 0.182)	Data  0.003 ( 0.113)	Loss 5.6097e+00 (6.1712e+00)	Acc@1   7.03 (  2.07)	Acc@5  15.62 (  7.11)
Epoch: [0][1011/5005]	Time  0.074 ( 0.182)	Data  0.003 ( 0.113)	Loss 5.6472e+00 (6.1656e+00)	Acc@1   3.91 (  2.09)	Acc@5  12.89 (  7.17)
Epoch: [0][1021/5005]	Time  0.075 ( 0.182)	Data  0.000 ( 0.113)	Loss 5.4848e+00 (6.1597e+00)	Acc@1   5.08 (  2.11)	Acc@5  14.45 (  7.24)
Epoch: [0][1031/5005]	Time  0.076 ( 0.182)	Data  0.000 ( 0.113)	Loss 5.6160e+00 (6.1542e+00)	Acc@1   4.30 (  2.14)	Acc@5  12.89 (  7.30)
Epoch: [0][1041/5005]	Time  0.075 ( 0.182)	Data  0.000 ( 0.113)	Loss 5.6122e+00 (6.1488e+00)	Acc@1   4.69 (  2.16)	Acc@5  11.33 (  7.36)
Epoch: [0][1051/5005]	Time  0.073 ( 0.182)	Data  0.000 ( 0.113)	Loss 5.7034e+00 (6.1433e+00)	Acc@1   3.52 (  2.18)	Acc@5   6.25 (  7.42)
Epoch: [0][1061/5005]	Time  0.074 ( 0.182)	Data  0.000 ( 0.113)	Loss 5.5586e+00 (6.1378e+00)	Acc@1   6.25 (  2.21)	Acc@5  14.45 (  7.49)
Epoch: [0][1071/5005]	Time  0.076 ( 0.182)	Data  0.000 ( 0.113)	Loss 5.5605e+00 (6.1327e+00)	Acc@1   5.08 (  2.23)	Acc@5  14.45 (  7.55)
Epoch: [0][1081/5005]	Time  0.077 ( 0.182)	Data  0.000 ( 0.113)	Loss 5.5302e+00 (6.1274e+00)	Acc@1   5.47 (  2.26)	Acc@5  11.72 (  7.61)
Epoch: [0][1091/5005]	Time  0.075 ( 0.182)	Data  0.000 ( 0.113)	Loss 5.5256e+00 (6.1218e+00)	Acc@1   6.25 (  2.28)	Acc@5  15.62 (  7.67)
Epoch: [0][1101/5005]	Time  0.075 ( 0.181)	Data  0.000 ( 0.113)	Loss 5.3828e+00 (6.1161e+00)	Acc@1   4.69 (  2.30)	Acc@5  18.36 (  7.74)
Epoch: [0][1111/5005]	Time  0.075 ( 0.182)	Data  0.000 ( 0.113)	Loss 5.3857e+00 (6.1105e+00)	Acc@1   7.03 (  2.33)	Acc@5  19.14 (  7.81)
Epoch: [0][1121/5005]	Time  0.074 ( 0.182)	Data  0.000 ( 0.113)	Loss 5.4040e+00 (6.1048e+00)	Acc@1   5.47 (  2.36)	Acc@5  16.02 (  7.88)
Epoch: [0][1131/5005]	Time  0.073 ( 0.182)	Data  0.000 ( 0.113)	Loss 5.4209e+00 (6.0992e+00)	Acc@1   4.69 (  2.37)	Acc@5  14.45 (  7.94)
Epoch: [0][1141/5005]	Time  0.075 ( 0.181)	Data  0.000 ( 0.112)	Loss 5.4952e+00 (6.0940e+00)	Acc@1   5.08 (  2.40)	Acc@5  13.67 (  7.99)
Epoch: [0][1151/5005]	Time  0.077 ( 0.182)	Data  0.000 ( 0.113)	Loss 5.4820e+00 (6.0892e+00)	Acc@1   6.64 (  2.42)	Acc@5  14.84 (  8.05)
Epoch: [0][1161/5005]	Time  0.076 ( 0.182)	Data  0.000 ( 0.113)	Loss 5.5678e+00 (6.0842e+00)	Acc@1   5.47 (  2.44)	Acc@5  13.67 (  8.10)
Epoch: [0][1171/5005]	Time  0.076 ( 0.181)	Data  0.000 ( 0.113)	Loss 5.7077e+00 (6.0794e+00)	Acc@1   4.69 (  2.46)	Acc@5  15.23 (  8.16)
Epoch: [0][1181/5005]	Time  0.076 ( 0.181)	Data  0.000 ( 0.113)	Loss 5.2466e+00 (6.0741e+00)	Acc@1   3.52 (  2.47)	Acc@5  14.84 (  8.22)
Epoch: [0][1191/5005]	Time  0.074 ( 0.182)	Data  0.000 ( 0.113)	Loss 5.5438e+00 (6.0690e+00)	Acc@1   3.12 (  2.50)	Acc@5  12.89 (  8.28)
Epoch: [0][1201/5005]	Time  0.074 ( 0.182)	Data  0.000 ( 0.113)	Loss 5.4583e+00 (6.0643e+00)	Acc@1   5.08 (  2.52)	Acc@5  15.23 (  8.34)
Epoch: [0][1211/5005]	Time  0.074 ( 0.181)	Data  0.000 ( 0.113)	Loss 5.5101e+00 (6.0597e+00)	Acc@1   5.08 (  2.54)	Acc@5  13.67 (  8.39)
Epoch: [0][1221/5005]	Time  0.075 ( 0.181)	Data  0.000 ( 0.112)	Loss 5.6516e+00 (6.0549e+00)	Acc@1   3.91 (  2.57)	Acc@5  11.33 (  8.45)
Epoch: [0][1231/5005]	Time  0.076 ( 0.182)	Data  0.000 ( 0.113)	Loss 5.5577e+00 (6.0497e+00)	Acc@1   7.42 (  2.60)	Acc@5  19.92 (  8.52)
Epoch: [0][1241/5005]	Time  0.074 ( 0.182)	Data  0.000 ( 0.113)	Loss 5.4189e+00 (6.0442e+00)	Acc@1   3.52 (  2.62)	Acc@5  16.02 (  8.59)
Epoch: [0][1251/5005]	Time  0.072 ( 0.181)	Data  0.000 ( 0.113)	Loss 5.6032e+00 (6.0392e+00)	Acc@1   2.73 (  2.65)	Acc@5  11.33 (  8.65)
Epoch: [0][1261/5005]	Time  0.076 ( 0.181)	Data  0.000 ( 0.112)	Loss 5.4117e+00 (6.0345e+00)	Acc@1   5.47 (  2.67)	Acc@5  14.84 (  8.70)
Epoch: [0][1271/5005]	Time  0.074 ( 0.182)	Data  0.000 ( 0.113)	Loss 5.3486e+00 (6.0294e+00)	Acc@1   6.25 (  2.69)	Acc@5  12.50 (  8.76)
Epoch: [0][1281/5005]	Time  0.076 ( 0.181)	Data  0.000 ( 0.113)	Loss 5.3873e+00 (6.0243e+00)	Acc@1   9.77 (  2.73)	Acc@5  18.36 (  8.83)
Epoch: [0][1291/5005]	Time  0.077 ( 0.181)	Data  0.000 ( 0.113)	Loss 5.3873e+00 (6.0194e+00)	Acc@1   6.25 (  2.75)	Acc@5  20.31 (  8.89)
Epoch: [0][1301/5005]	Time  0.074 ( 0.181)	Data  0.000 ( 0.112)	Loss 5.2944e+00 (6.0146e+00)	Acc@1   8.20 (  2.77)	Acc@5  18.75 (  8.95)
Epoch: [0][1311/5005]	Time  0.069 ( 0.182)	Data  0.000 ( 0.113)	Loss 5.4196e+00 (6.0099e+00)	Acc@1   5.47 (  2.80)	Acc@5  19.53 (  9.01)
Epoch: [0][1321/5005]	Time  0.073 ( 0.181)	Data  0.000 ( 0.113)	Loss 5.2582e+00 (6.0047e+00)	Acc@1   6.64 (  2.82)	Acc@5  18.75 (  9.07)
Epoch: [0][1331/5005]	Time  0.073 ( 0.181)	Data  0.000 ( 0.113)	Loss 5.4982e+00 (5.9999e+00)	Acc@1   5.47 (  2.85)	Acc@5  16.80 (  9.14)
Epoch: [0][1341/5005]	Time  0.076 ( 0.181)	Data  0.000 ( 0.112)	Loss 5.4160e+00 (5.9950e+00)	Acc@1   6.25 (  2.88)	Acc@5  18.36 (  9.21)
Epoch: [0][1351/5005]	Time  0.074 ( 0.181)	Data  0.000 ( 0.113)	Loss 5.6261e+00 (5.9905e+00)	Acc@1   7.42 (  2.90)	Acc@5  17.19 (  9.27)
Epoch: [0][1361/5005]	Time  0.074 ( 0.181)	Data  0.000 ( 0.113)	Loss 5.2403e+00 (5.9859e+00)	Acc@1   3.91 (  2.93)	Acc@5  21.09 (  9.33)
Epoch: [0][1371/5005]	Time  0.076 ( 0.181)	Data  0.000 ( 0.112)	Loss 5.2522e+00 (5.9810e+00)	Acc@1   7.81 (  2.95)	Acc@5  20.70 (  9.39)
Epoch: [0][1381/5005]	Time  0.076 ( 0.181)	Data  0.000 ( 0.112)	Loss 5.5918e+00 (5.9765e+00)	Acc@1   4.30 (  2.98)	Acc@5  15.62 (  9.46)
Epoch: [0][1391/5005]	Time  0.074 ( 0.181)	Data  0.000 ( 0.113)	Loss 5.4140e+00 (5.9719e+00)	Acc@1   5.47 (  3.00)	Acc@5  15.62 (  9.51)
Epoch: [0][1401/5005]	Time  0.072 ( 0.181)	Data  0.000 ( 0.112)	Loss 5.0828e+00 (5.9674e+00)	Acc@1   8.98 (  3.02)	Acc@5  21.88 (  9.57)
Epoch: [0][1411/5005]	Time  0.074 ( 0.181)	Data  0.000 ( 0.112)	Loss 5.2786e+00 (5.9629e+00)	Acc@1   8.59 (  3.04)	Acc@5  22.27 (  9.63)
Epoch: [0][1421/5005]	Time  0.073 ( 0.181)	Data  0.000 ( 0.112)	Loss 5.5305e+00 (5.9583e+00)	Acc@1   4.30 (  3.06)	Acc@5  15.23 (  9.69)
Epoch: [0][1431/5005]	Time  0.076 ( 0.181)	Data  0.000 ( 0.113)	Loss 5.3003e+00 (5.9537e+00)	Acc@1   7.81 (  3.10)	Acc@5  24.22 (  9.76)
Epoch: [0][1441/5005]	Time  0.077 ( 0.181)	Data  0.000 ( 0.113)	Loss 5.4037e+00 (5.9496e+00)	Acc@1   4.30 (  3.12)	Acc@5  14.84 (  9.82)
Epoch: [0][1451/5005]	Time  0.070 ( 0.181)	Data  0.000 ( 0.113)	Loss 5.4500e+00 (5.9450e+00)	Acc@1   3.52 (  3.14)	Acc@5  15.23 (  9.88)
Epoch: [0][1461/5005]	Time  0.075 ( 0.181)	Data  0.000 ( 0.112)	Loss 5.3020e+00 (5.9409e+00)	Acc@1   8.59 (  3.16)	Acc@5  19.53 (  9.93)
Epoch: [0][1471/5005]	Time  0.074 ( 0.182)	Data  0.000 ( 0.113)	Loss 5.1994e+00 (5.9364e+00)	Acc@1   6.25 (  3.18)	Acc@5  17.97 (  9.99)
Epoch: [0][1481/5005]	Time  0.072 ( 0.181)	Data  0.000 ( 0.113)	Loss 5.4193e+00 (5.9320e+00)	Acc@1   4.69 (  3.21)	Acc@5  16.41 ( 10.05)
Epoch: [0][1491/5005]	Time  0.075 ( 0.181)	Data  0.000 ( 0.113)	Loss 5.2076e+00 (5.9277e+00)	Acc@1   4.30 (  3.23)	Acc@5  19.14 ( 10.11)
Epoch: [0][1501/5005]	Time  0.075 ( 0.181)	Data  0.000 ( 0.112)	Loss 5.1056e+00 (5.9232e+00)	Acc@1   6.25 (  3.25)	Acc@5  20.70 ( 10.17)
Epoch: [0][1511/5005]	Time  0.075 ( 0.182)	Data  0.000 ( 0.113)	Loss 5.2446e+00 (5.9187e+00)	Acc@1   6.25 (  3.28)	Acc@5  17.58 ( 10.25)
Epoch: [0][1521/5005]	Time  0.074 ( 0.181)	Data  0.000 ( 0.113)	Loss 5.3639e+00 (5.9147e+00)	Acc@1   4.69 (  3.30)	Acc@5  17.19 ( 10.30)
Epoch: [0][1531/5005]	Time  0.073 ( 0.181)	Data  0.000 ( 0.113)	Loss 5.4259e+00 (5.9105e+00)	Acc@1   5.86 (  3.33)	Acc@5  17.97 ( 10.36)
Epoch: [0][1541/5005]	Time  0.075 ( 0.181)	Data  0.000 ( 0.113)	Loss 5.1808e+00 (5.9062e+00)	Acc@1   5.86 (  3.35)	Acc@5  20.70 ( 10.42)
Epoch: [0][1551/5005]	Time  0.076 ( 0.182)	Data  0.000 ( 0.113)	Loss 5.1365e+00 (5.9020e+00)	Acc@1   7.42 (  3.37)	Acc@5  22.27 ( 10.49)
Epoch: [0][1561/5005]	Time  0.075 ( 0.181)	Data  0.000 ( 0.113)	Loss 5.1881e+00 (5.8979e+00)	Acc@1   5.86 (  3.39)	Acc@5  20.31 ( 10.54)
Epoch: [0][1571/5005]	Time  0.074 ( 0.181)	Data  0.000 ( 0.113)	Loss 5.1002e+00 (5.8935e+00)	Acc@1   8.59 (  3.41)	Acc@5  23.83 ( 10.61)
Epoch: [0][1581/5005]	Time  0.075 ( 0.181)	Data  0.000 ( 0.112)	Loss 5.1403e+00 (5.8893e+00)	Acc@1  10.16 (  3.44)	Acc@5  22.66 ( 10.66)
Epoch: [0][1591/5005]	Time  0.071 ( 0.181)	Data  0.000 ( 0.113)	Loss 5.1132e+00 (5.8854e+00)	Acc@1   7.42 (  3.46)	Acc@5  20.70 ( 10.72)
Epoch: [0][1601/5005]	Time  0.072 ( 0.181)	Data  0.000 ( 0.113)	Loss 5.2618e+00 (5.8811e+00)	Acc@1   6.64 (  3.48)	Acc@5  17.97 ( 10.77)
Epoch: [0][1611/5005]	Time  0.076 ( 0.181)	Data  0.000 ( 0.112)	Loss 5.0576e+00 (5.8769e+00)	Acc@1   7.81 (  3.51)	Acc@5  22.27 ( 10.83)
Epoch: [0][1621/5005]	Time  0.075 ( 0.181)	Data  0.000 ( 0.112)	Loss 5.3072e+00 (5.8728e+00)	Acc@1   5.08 (  3.53)	Acc@5  16.41 ( 10.89)
Epoch: [0][1631/5005]	Time  0.078 ( 0.181)	Data  0.000 ( 0.113)	Loss 5.1942e+00 (5.8687e+00)	Acc@1   8.98 (  3.55)	Acc@5  20.31 ( 10.94)
Epoch: [0][1641/5005]	Time  0.074 ( 0.181)	Data  0.000 ( 0.112)	Loss 5.2428e+00 (5.8646e+00)	Acc@1   7.03 (  3.57)	Acc@5  20.31 ( 11.00)
Epoch: [0][1651/5005]	Time  0.075 ( 0.181)	Data  0.000 ( 0.112)	Loss 5.1304e+00 (5.8606e+00)	Acc@1  10.16 (  3.60)	Acc@5  23.05 ( 11.05)
Epoch: [0][1661/5005]	Time  0.076 ( 0.181)	Data  0.000 ( 0.112)	Loss 5.1005e+00 (5.8564e+00)	Acc@1   9.38 (  3.62)	Acc@5  23.44 ( 11.11)
Epoch: [0][1671/5005]	Time  0.073 ( 0.181)	Data  0.000 ( 0.113)	Loss 4.9943e+00 (5.8523e+00)	Acc@1   8.98 (  3.65)	Acc@5  24.22 ( 11.17)
Epoch: [0][1681/5005]	Time  0.076 ( 0.181)	Data  0.000 ( 0.112)	Loss 5.3964e+00 (5.8484e+00)	Acc@1   6.64 (  3.67)	Acc@5  19.14 ( 11.23)
Epoch: [0][1691/5005]	Time  0.074 ( 0.181)	Data  0.000 ( 0.112)	Loss 5.0876e+00 (5.8442e+00)	Acc@1   8.20 (  3.69)	Acc@5  21.88 ( 11.29)
Epoch: [0][1701/5005]	Time  0.074 ( 0.181)	Data  0.000 ( 0.112)	Loss 5.1186e+00 (5.8405e+00)	Acc@1   8.20 (  3.71)	Acc@5  18.36 ( 11.34)
Epoch: [0][1711/5005]	Time  0.074 ( 0.181)	Data  0.000 ( 0.113)	Loss 5.1394e+00 (5.8369e+00)	Acc@1   9.38 (  3.73)	Acc@5  19.92 ( 11.39)
Epoch: [0][1721/5005]	Time  0.075 ( 0.181)	Data  0.000 ( 0.112)	Loss 5.1108e+00 (5.8328e+00)	Acc@1  10.16 (  3.75)	Acc@5  23.44 ( 11.45)
Epoch: [0][1731/5005]	Time  0.072 ( 0.181)	Data  0.000 ( 0.112)	Loss 5.2051e+00 (5.8285e+00)	Acc@1   6.64 (  3.77)	Acc@5  18.36 ( 11.51)
Epoch: [0][1741/5005]	Time  0.069 ( 0.181)	Data  0.000 ( 0.112)	Loss 5.2548e+00 (5.8246e+00)	Acc@1   7.42 (  3.80)	Acc@5  17.19 ( 11.56)
Epoch: [0][1751/5005]	Time  0.076 ( 0.181)	Data  0.000 ( 0.112)	Loss 5.0107e+00 (5.8207e+00)	Acc@1   9.38 (  3.82)	Acc@5  21.09 ( 11.61)
Epoch: [0][1761/5005]	Time  0.074 ( 0.181)	Data  0.000 ( 0.112)	Loss 5.0253e+00 (5.8168e+00)	Acc@1   9.38 (  3.85)	Acc@5  23.44 ( 11.67)
Epoch: [0][1771/5005]	Time  0.074 ( 0.181)	Data  0.000 ( 0.112)	Loss 5.0841e+00 (5.8130e+00)	Acc@1   8.59 (  3.87)	Acc@5  21.09 ( 11.72)
Epoch: [0][1781/5005]	Time  0.076 ( 0.181)	Data  0.000 ( 0.112)	Loss 5.1535e+00 (5.8089e+00)	Acc@1   6.64 (  3.89)	Acc@5  23.83 ( 11.78)
Epoch: [0][1791/5005]	Time  0.073 ( 0.181)	Data  0.000 ( 0.113)	Loss 5.1736e+00 (5.8047e+00)	Acc@1   7.42 (  3.92)	Acc@5  22.27 ( 11.84)
Epoch: [0][1801/5005]	Time  0.077 ( 0.181)	Data  0.000 ( 0.112)	Loss 4.9783e+00 (5.8009e+00)	Acc@1  10.55 (  3.95)	Acc@5  26.56 ( 11.90)
Epoch: [0][1811/5005]	Time  0.072 ( 0.181)	Data  0.000 ( 0.112)	Loss 5.0422e+00 (5.7968e+00)	Acc@1   6.64 (  3.97)	Acc@5  19.92 ( 11.96)
Epoch: [0][1821/5005]	Time  0.077 ( 0.181)	Data  0.000 ( 0.112)	Loss 5.1735e+00 (5.7930e+00)	Acc@1  10.55 (  3.99)	Acc@5  22.27 ( 12.02)
Epoch: [0][1831/5005]	Time  0.072 ( 0.181)	Data  0.000 ( 0.113)	Loss 5.0014e+00 (5.7891e+00)	Acc@1   8.59 (  4.02)	Acc@5  25.00 ( 12.07)
Epoch: [0][1841/5005]	Time  0.076 ( 0.181)	Data  0.000 ( 0.112)	Loss 5.2200e+00 (5.7854e+00)	Acc@1   5.08 (  4.04)	Acc@5  18.36 ( 12.13)
Epoch: [0][1851/5005]	Time  0.074 ( 0.181)	Data  0.000 ( 0.112)	Loss 5.0389e+00 (5.7818e+00)	Acc@1   9.38 (  4.07)	Acc@5  23.83 ( 12.18)
Epoch: [0][1861/5005]	Time  0.077 ( 0.181)	Data  0.000 ( 0.112)	Loss 5.1242e+00 (5.7781e+00)	Acc@1   7.81 (  4.09)	Acc@5  23.05 ( 12.23)
Epoch: [0][1871/5005]	Time  0.076 ( 0.181)	Data  0.000 ( 0.113)	Loss 5.0432e+00 (5.7744e+00)	Acc@1   5.08 (  4.11)	Acc@5  19.92 ( 12.29)
Epoch: [0][1881/5005]	Time  0.074 ( 0.181)	Data  0.000 ( 0.112)	Loss 4.9484e+00 (5.7707e+00)	Acc@1   7.42 (  4.14)	Acc@5  25.39 ( 12.35)
Epoch: [0][1891/5005]	Time  0.071 ( 0.181)	Data  0.000 ( 0.112)	Loss 5.0400e+00 (5.7670e+00)	Acc@1   6.64 (  4.16)	Acc@5  25.78 ( 12.39)
Epoch: [0][1901/5005]	Time  0.073 ( 0.181)	Data  0.000 ( 0.112)	Loss 5.2347e+00 (5.7633e+00)	Acc@1   6.25 (  4.18)	Acc@5  19.14 ( 12.45)
Epoch: [0][1911/5005]	Time  0.078 ( 0.181)	Data  0.000 ( 0.113)	Loss 4.9289e+00 (5.7593e+00)	Acc@1  10.16 (  4.21)	Acc@5  26.95 ( 12.51)
Epoch: [0][1921/5005]	Time  0.073 ( 0.181)	Data  0.000 ( 0.113)	Loss 5.0938e+00 (5.7552e+00)	Acc@1   5.08 (  4.23)	Acc@5  20.31 ( 12.57)
Epoch: [0][1931/5005]	Time  0.068 ( 0.181)	Data  0.000 ( 0.113)	Loss 4.9578e+00 (5.7514e+00)	Acc@1  10.55 (  4.25)	Acc@5  22.27 ( 12.63)
Epoch: [0][1941/5005]	Time  0.071 ( 0.181)	Data  0.001 ( 0.112)	Loss 5.0926e+00 (5.7474e+00)	Acc@1   7.81 (  4.28)	Acc@5  21.09 ( 12.69)
Epoch: [0][1951/5005]	Time  0.076 ( 0.181)	Data  0.000 ( 0.113)	Loss 5.0592e+00 (5.7437e+00)	Acc@1   6.64 (  4.30)	Acc@5  22.27 ( 12.74)
Epoch: [0][1961/5005]	Time  0.078 ( 0.181)	Data  0.000 ( 0.113)	Loss 5.0422e+00 (5.7404e+00)	Acc@1  10.94 (  4.33)	Acc@5  22.27 ( 12.79)
Epoch: [0][1971/5005]	Time  0.073 ( 0.181)	Data  0.000 ( 0.113)	Loss 4.9450e+00 (5.7365e+00)	Acc@1   8.20 (  4.35)	Acc@5  21.88 ( 12.85)
Epoch: [0][1981/5005]	Time  0.076 ( 0.181)	Data  0.000 ( 0.112)	Loss 4.8087e+00 (5.7330e+00)	Acc@1   9.77 (  4.37)	Acc@5  30.47 ( 12.91)
Epoch: [0][1991/5005]	Time  0.074 ( 0.181)	Data  0.000 ( 0.113)	Loss 5.1807e+00 (5.7291e+00)	Acc@1   6.64 (  4.40)	Acc@5  21.09 ( 12.97)
Epoch: [0][2001/5005]	Time  0.075 ( 0.181)	Data  0.000 ( 0.113)	Loss 4.9658e+00 (5.7252e+00)	Acc@1   6.64 (  4.42)	Acc@5  22.66 ( 13.02)
Epoch: [0][2011/5005]	Time  0.075 ( 0.181)	Data  0.000 ( 0.113)	Loss 5.1020e+00 (5.7216e+00)	Acc@1   8.59 (  4.44)	Acc@5  22.66 ( 13.08)
Epoch: [0][2021/5005]	Time  0.075 ( 0.181)	Data  0.000 ( 0.113)	Loss 5.1881e+00 (5.7181e+00)	Acc@1   7.03 (  4.47)	Acc@5  18.75 ( 13.13)
Epoch: [0][2031/5005]	Time  0.074 ( 0.181)	Data  0.000 ( 0.113)	Loss 4.9581e+00 (5.7148e+00)	Acc@1  10.55 (  4.49)	Acc@5  27.34 ( 13.18)
Epoch: [0][2041/5005]	Time  0.074 ( 0.181)	Data  0.000 ( 0.113)	Loss 4.9680e+00 (5.7112e+00)	Acc@1   9.38 (  4.51)	Acc@5  24.22 ( 13.24)
Epoch: [0][2051/5005]	Time  0.076 ( 0.181)	Data  0.000 ( 0.113)	Loss 5.1057e+00 (5.7079e+00)	Acc@1   8.59 (  4.54)	Acc@5  25.00 ( 13.29)
Epoch: [0][2061/5005]	Time  0.073 ( 0.181)	Data  0.000 ( 0.112)	Loss 4.8123e+00 (5.7040e+00)	Acc@1  12.11 (  4.56)	Acc@5  25.78 ( 13.34)
Epoch: [0][2071/5005]	Time  0.072 ( 0.181)	Data  0.000 ( 0.113)	Loss 5.1375e+00 (5.7007e+00)	Acc@1   8.59 (  4.58)	Acc@5  21.48 ( 13.39)
Epoch: [0][2081/5005]	Time  0.084 ( 0.181)	Data  0.001 ( 0.113)	Loss 4.7778e+00 (5.6971e+00)	Acc@1  10.16 (  4.60)	Acc@5  26.17 ( 13.45)
Epoch: [0][2091/5005]	Time  0.076 ( 0.181)	Data  0.000 ( 0.113)	Loss 4.8688e+00 (5.6932e+00)	Acc@1   9.38 (  4.63)	Acc@5  26.95 ( 13.51)
Epoch: [0][2101/5005]	Time  0.075 ( 0.181)	Data  0.000 ( 0.112)	Loss 4.9289e+00 (5.6896e+00)	Acc@1  10.94 (  4.65)	Acc@5  25.78 ( 13.56)
Epoch: [0][2111/5005]	Time  0.076 ( 0.181)	Data  0.000 ( 0.113)	Loss 4.9801e+00 (5.6859e+00)	Acc@1   9.77 (  4.68)	Acc@5  25.00 ( 13.62)
Epoch: [0][2121/5005]	Time  0.075 ( 0.181)	Data  0.000 ( 0.113)	Loss 4.9243e+00 (5.6823e+00)	Acc@1  10.55 (  4.70)	Acc@5  27.73 ( 13.67)
Epoch: [0][2131/5005]	Time  0.074 ( 0.181)	Data  0.000 ( 0.112)	Loss 4.9414e+00 (5.6788e+00)	Acc@1   8.98 (  4.73)	Acc@5  22.27 ( 13.73)
Epoch: [0][2141/5005]	Time  0.074 ( 0.181)	Data  0.000 ( 0.112)	Loss 5.0034e+00 (5.6751e+00)	Acc@1   8.98 (  4.75)	Acc@5  23.83 ( 13.79)
Epoch: [0][2151/5005]	Time  0.076 ( 0.181)	Data  0.000 ( 0.113)	Loss 4.9287e+00 (5.6716e+00)	Acc@1  12.11 (  4.78)	Acc@5  30.47 ( 13.84)
Epoch: [0][2161/5005]	Time  0.075 ( 0.181)	Data  0.000 ( 0.112)	Loss 4.6825e+00 (5.6680e+00)	Acc@1  11.33 (  4.80)	Acc@5  27.73 ( 13.89)
Epoch: [0][2171/5005]	Time  0.071 ( 0.181)	Data  0.000 ( 0.112)	Loss 4.9633e+00 (5.6645e+00)	Acc@1  10.16 (  4.83)	Acc@5  23.05 ( 13.95)
Epoch: [0][2181/5005]	Time  0.076 ( 0.181)	Data  0.000 ( 0.112)	Loss 4.9678e+00 (5.6609e+00)	Acc@1   8.20 (  4.85)	Acc@5  22.27 ( 14.00)
Epoch: [0][2191/5005]	Time  0.073 ( 0.181)	Data  0.000 ( 0.112)	Loss 4.8952e+00 (5.6572e+00)	Acc@1   7.81 (  4.88)	Acc@5  25.00 ( 14.06)
Epoch: [0][2201/5005]	Time  0.076 ( 0.181)	Data  0.000 ( 0.112)	Loss 4.9024e+00 (5.6537e+00)	Acc@1   9.38 (  4.90)	Acc@5  27.73 ( 14.11)
Epoch: [0][2211/5005]	Time  0.076 ( 0.181)	Data  0.000 ( 0.112)	Loss 4.8909e+00 (5.6501e+00)	Acc@1   8.59 (  4.93)	Acc@5  25.00 ( 14.16)
Epoch: [0][2221/5005]	Time  0.077 ( 0.181)	Data  0.000 ( 0.112)	Loss 4.9276e+00 (5.6466e+00)	Acc@1   9.38 (  4.95)	Acc@5  27.73 ( 14.22)
Epoch: [0][2231/5005]	Time  0.075 ( 0.181)	Data  0.000 ( 0.113)	Loss 5.0207e+00 (5.6433e+00)	Acc@1   9.77 (  4.97)	Acc@5  24.61 ( 14.27)
Epoch: [0][2241/5005]	Time  0.075 ( 0.181)	Data  0.000 ( 0.113)	Loss 4.5254e+00 (5.6397e+00)	Acc@1  16.02 (  5.00)	Acc@5  32.42 ( 14.33)
Epoch: [0][2251/5005]	Time  0.072 ( 0.181)	Data  0.000 ( 0.113)	Loss 4.9234e+00 (5.6363e+00)	Acc@1  10.94 (  5.02)	Acc@5  26.17 ( 14.38)
Epoch: [0][2261/5005]	Time  0.074 ( 0.181)	Data  0.000 ( 0.112)	Loss 5.0437e+00 (5.6328e+00)	Acc@1   7.42 (  5.04)	Acc@5  22.66 ( 14.44)
Epoch: [0][2271/5005]	Time  0.074 ( 0.181)	Data  0.000 ( 0.113)	Loss 4.7996e+00 (5.6293e+00)	Acc@1   9.38 (  5.07)	Acc@5  26.17 ( 14.49)
Epoch: [0][2281/5005]	Time  0.075 ( 0.181)	Data  0.000 ( 0.113)	Loss 4.7241e+00 (5.6257e+00)	Acc@1   9.38 (  5.09)	Acc@5  31.64 ( 14.55)
Epoch: [0][2291/5005]	Time  0.075 ( 0.181)	Data  0.000 ( 0.112)	Loss 4.8684e+00 (5.6223e+00)	Acc@1  10.94 (  5.11)	Acc@5  28.52 ( 14.60)
Epoch: [0][2301/5005]	Time  0.073 ( 0.181)	Data  0.000 ( 0.112)	Loss 4.8038e+00 (5.6188e+00)	Acc@1   9.38 (  5.14)	Acc@5  24.61 ( 14.66)
Epoch: [0][2311/5005]	Time  0.076 ( 0.181)	Data  0.000 ( 0.113)	Loss 4.9316e+00 (5.6155e+00)	Acc@1   9.77 (  5.16)	Acc@5  25.39 ( 14.72)
Epoch: [0][2321/5005]	Time  0.075 ( 0.181)	Data  0.000 ( 0.113)	Loss 4.9365e+00 (5.6121e+00)	Acc@1  10.16 (  5.19)	Acc@5  25.00 ( 14.77)
Epoch: [0][2331/5005]	Time  0.072 ( 0.181)	Data  0.001 ( 0.112)	Loss 4.5592e+00 (5.6084e+00)	Acc@1  12.89 (  5.22)	Acc@5  30.47 ( 14.83)
Epoch: [0][2341/5005]	Time  0.075 ( 0.181)	Data  0.000 ( 0.112)	Loss 4.7218e+00 (5.6048e+00)	Acc@1  14.06 (  5.25)	Acc@5  32.81 ( 14.89)
Epoch: [0][2351/5005]	Time  0.072 ( 0.181)	Data  0.000 ( 0.113)	Loss 4.7665e+00 (5.6014e+00)	Acc@1  11.33 (  5.28)	Acc@5  28.91 ( 14.95)
Epoch: [0][2361/5005]	Time  0.076 ( 0.181)	Data  0.000 ( 0.113)	Loss 4.9512e+00 (5.5980e+00)	Acc@1   8.20 (  5.30)	Acc@5  26.17 ( 15.00)
Epoch: [0][2371/5005]	Time  0.074 ( 0.181)	Data  0.000 ( 0.112)	Loss 4.7111e+00 (5.5946e+00)	Acc@1   9.77 (  5.32)	Acc@5  32.03 ( 15.05)
Epoch: [0][2381/5005]	Time  0.075 ( 0.181)	Data  0.000 ( 0.112)	Loss 4.8339e+00 (5.5911e+00)	Acc@1   8.59 (  5.34)	Acc@5  23.44 ( 15.10)
Epoch: [0][2391/5005]	Time  0.075 ( 0.181)	Data  0.001 ( 0.113)	Loss 4.8028e+00 (5.5877e+00)	Acc@1  12.89 (  5.37)	Acc@5  28.52 ( 15.16)
Epoch: [0][2401/5005]	Time  0.079 ( 0.181)	Data  0.000 ( 0.112)	Loss 4.7520e+00 (5.5845e+00)	Acc@1  10.94 (  5.39)	Acc@5  28.52 ( 15.21)
Epoch: [0][2411/5005]	Time  0.074 ( 0.181)	Data  0.000 ( 0.112)	Loss 4.6579e+00 (5.5810e+00)	Acc@1  14.06 (  5.41)	Acc@5  32.03 ( 15.26)
Epoch: [0][2421/5005]	Time  0.079 ( 0.181)	Data  0.000 ( 0.112)	Loss 4.8018e+00 (5.5775e+00)	Acc@1   7.03 (  5.43)	Acc@5  27.73 ( 15.32)
Epoch: [0][2431/5005]	Time  0.077 ( 0.181)	Data  0.000 ( 0.113)	Loss 4.5662e+00 (5.5741e+00)	Acc@1  10.55 (  5.46)	Acc@5  30.86 ( 15.37)
Epoch: [0][2441/5005]	Time  0.077 ( 0.181)	Data  0.000 ( 0.112)	Loss 4.7884e+00 (5.5709e+00)	Acc@1  12.11 (  5.49)	Acc@5  27.34 ( 15.42)
Epoch: [0][2451/5005]	Time  0.075 ( 0.181)	Data  0.000 ( 0.112)	Loss 4.6050e+00 (5.5679e+00)	Acc@1  12.50 (  5.51)	Acc@5  30.47 ( 15.47)
Epoch: [0][2461/5005]	Time  0.076 ( 0.181)	Data  0.000 ( 0.112)	Loss 4.6199e+00 (5.5644e+00)	Acc@1  10.16 (  5.53)	Acc@5  29.30 ( 15.53)
Epoch: [0][2471/5005]	Time  0.074 ( 0.181)	Data  0.000 ( 0.113)	Loss 4.7152e+00 (5.5613e+00)	Acc@1  13.28 (  5.56)	Acc@5  28.91 ( 15.58)
Epoch: [0][2481/5005]	Time  0.076 ( 0.181)	Data  0.000 ( 0.112)	Loss 4.8511e+00 (5.5579e+00)	Acc@1   9.38 (  5.58)	Acc@5  25.39 ( 15.63)
Epoch: [0][2491/5005]	Time  0.073 ( 0.181)	Data  0.000 ( 0.112)	Loss 4.8965e+00 (5.5546e+00)	Acc@1   9.77 (  5.61)	Acc@5  26.56 ( 15.68)
Epoch: [0][2501/5005]	Time  0.076 ( 0.181)	Data  0.000 ( 0.112)	Loss 4.7854e+00 (5.5514e+00)	Acc@1  12.11 (  5.63)	Acc@5  29.30 ( 15.73)
Epoch: [0][2511/5005]	Time  0.073 ( 0.181)	Data  0.000 ( 0.113)	Loss 4.5809e+00 (5.5480e+00)	Acc@1  10.16 (  5.66)	Acc@5  29.30 ( 15.79)
Epoch: [0][2521/5005]	Time  0.076 ( 0.181)	Data  0.000 ( 0.112)	Loss 4.6260e+00 (5.5448e+00)	Acc@1  11.72 (  5.68)	Acc@5  30.47 ( 15.84)
Epoch: [0][2531/5005]	Time  0.077 ( 0.181)	Data  0.000 ( 0.112)	Loss 4.8977e+00 (5.5414e+00)	Acc@1  10.94 (  5.71)	Acc@5  28.12 ( 15.90)
Epoch: [0][2541/5005]	Time  0.075 ( 0.181)	Data  0.000 ( 0.112)	Loss 5.1441e+00 (5.5383e+00)	Acc@1   8.98 (  5.73)	Acc@5  20.31 ( 15.95)
Epoch: [0][2551/5005]	Time  0.075 ( 0.181)	Data  0.000 ( 0.113)	Loss 4.7615e+00 (5.5349e+00)	Acc@1  11.72 (  5.76)	Acc@5  30.08 ( 16.00)
Epoch: [0][2561/5005]	Time  0.075 ( 0.181)	Data  0.000 ( 0.112)	Loss 4.7874e+00 (5.5319e+00)	Acc@1  13.67 (  5.78)	Acc@5  28.12 ( 16.05)
Epoch: [0][2571/5005]	Time  0.075 ( 0.181)	Data  0.000 ( 0.112)	Loss 4.6762e+00 (5.5289e+00)	Acc@1  12.11 (  5.81)	Acc@5  32.03 ( 16.10)
Epoch: [0][2581/5005]	Time  0.078 ( 0.181)	Data  0.002 ( 0.112)	Loss 4.7071e+00 (5.5256e+00)	Acc@1  11.33 (  5.83)	Acc@5  28.91 ( 16.16)
Epoch: [0][2591/5005]	Time  0.073 ( 0.181)	Data  0.000 ( 0.112)	Loss 4.5258e+00 (5.5226e+00)	Acc@1  13.28 (  5.86)	Acc@5  33.98 ( 16.21)
Epoch: [0][2601/5005]	Time  0.075 ( 0.181)	Data  0.000 ( 0.112)	Loss 4.6738e+00 (5.5197e+00)	Acc@1  12.50 (  5.88)	Acc@5  29.30 ( 16.25)
Epoch: [0][2611/5005]	Time  0.073 ( 0.181)	Data  0.000 ( 0.112)	Loss 4.7192e+00 (5.5162e+00)	Acc@1  10.55 (  5.91)	Acc@5  28.52 ( 16.31)
Epoch: [0][2621/5005]	Time  0.074 ( 0.181)	Data  0.000 ( 0.112)	Loss 4.6741e+00 (5.5129e+00)	Acc@1  17.19 (  5.93)	Acc@5  32.81 ( 16.36)
Epoch: [0][2631/5005]	Time  0.076 ( 0.181)	Data  0.000 ( 0.112)	Loss 4.4887e+00 (5.5099e+00)	Acc@1  16.41 (  5.96)	Acc@5  32.81 ( 16.41)
Epoch: [0][2641/5005]	Time  0.076 ( 0.181)	Data  0.000 ( 0.112)	Loss 4.4445e+00 (5.5065e+00)	Acc@1  14.45 (  5.98)	Acc@5  32.03 ( 16.46)
Epoch: [0][2651/5005]	Time  0.075 ( 0.181)	Data  0.000 ( 0.112)	Loss 4.5712e+00 (5.5030e+00)	Acc@1   9.77 (  6.01)	Acc@5  33.98 ( 16.52)
Epoch: [0][2661/5005]	Time  0.074 ( 0.181)	Data  0.000 ( 0.112)	Loss 4.6653e+00 (5.4998e+00)	Acc@1  13.67 (  6.03)	Acc@5  30.86 ( 16.58)
Epoch: [0][2671/5005]	Time  0.077 ( 0.181)	Data  0.000 ( 0.112)	Loss 4.5836e+00 (5.4967e+00)	Acc@1  14.45 (  6.06)	Acc@5  28.52 ( 16.63)
Epoch: [0][2681/5005]	Time  0.073 ( 0.181)	Data  0.000 ( 0.112)	Loss 4.8102e+00 (5.4937e+00)	Acc@1  10.55 (  6.08)	Acc@5  27.34 ( 16.67)
Epoch: [0][2691/5005]	Time  0.075 ( 0.181)	Data  0.000 ( 0.112)	Loss 4.6755e+00 (5.4907e+00)	Acc@1  10.55 (  6.10)	Acc@5  31.25 ( 16.72)
Epoch: [0][2701/5005]	Time  0.077 ( 0.181)	Data  0.000 ( 0.112)	Loss 4.7253e+00 (5.4876e+00)	Acc@1  11.72 (  6.12)	Acc@5  30.86 ( 16.77)
Epoch: [0][2711/5005]	Time  0.073 ( 0.181)	Data  0.000 ( 0.112)	Loss 4.8369e+00 (5.4847e+00)	Acc@1  12.50 (  6.15)	Acc@5  25.39 ( 16.82)
Epoch: [0][2721/5005]	Time  0.074 ( 0.181)	Data  0.000 ( 0.112)	Loss 4.7503e+00 (5.4815e+00)	Acc@1   8.98 (  6.18)	Acc@5  26.95 ( 16.87)
Epoch: [0][2731/5005]	Time  0.074 ( 0.181)	Data  0.000 ( 0.112)	Loss 4.6507e+00 (5.4782e+00)	Acc@1  16.80 (  6.20)	Acc@5  32.03 ( 16.93)
Epoch: [0][2741/5005]	Time  0.078 ( 0.181)	Data  0.000 ( 0.112)	Loss 4.5946e+00 (5.4748e+00)	Acc@1  13.28 (  6.23)	Acc@5  32.81 ( 16.98)
Epoch: [0][2751/5005]	Time  0.078 ( 0.181)	Data  0.000 ( 0.112)	Loss 4.7978e+00 (5.4716e+00)	Acc@1   8.98 (  6.26)	Acc@5  27.34 ( 17.03)
Epoch: [0][2761/5005]	Time  0.076 ( 0.181)	Data  0.000 ( 0.112)	Loss 4.9084e+00 (5.4683e+00)	Acc@1   9.38 (  6.28)	Acc@5  25.00 ( 17.08)
Epoch: [0][2771/5005]	Time  0.073 ( 0.181)	Data  0.000 ( 0.112)	Loss 4.6403e+00 (5.4654e+00)	Acc@1   9.77 (  6.30)	Acc@5  29.69 ( 17.13)
Epoch: [0][2781/5005]	Time  0.072 ( 0.181)	Data  0.000 ( 0.112)	Loss 4.5353e+00 (5.4622e+00)	Acc@1  16.41 (  6.33)	Acc@5  30.47 ( 17.18)
Epoch: [0][2791/5005]	Time  0.074 ( 0.181)	Data  0.000 ( 0.112)	Loss 4.4040e+00 (5.4589e+00)	Acc@1  14.45 (  6.36)	Acc@5  35.94 ( 17.23)
Epoch: [0][2801/5005]	Time  0.069 ( 0.181)	Data  0.000 ( 0.112)	Loss 4.6502e+00 (5.4562e+00)	Acc@1  10.94 (  6.38)	Acc@5  28.12 ( 17.28)
Epoch: [0][2811/5005]	Time  0.071 ( 0.181)	Data  0.000 ( 0.112)	Loss 4.6419e+00 (5.4530e+00)	Acc@1  11.72 (  6.40)	Acc@5  30.47 ( 17.33)
Epoch: [0][2821/5005]	Time  0.079 ( 0.181)	Data  0.000 ( 0.112)	Loss 4.5167e+00 (5.4501e+00)	Acc@1  12.50 (  6.42)	Acc@5  29.69 ( 17.37)
Epoch: [0][2831/5005]	Time  0.074 ( 0.181)	Data  0.000 ( 0.112)	Loss 4.4212e+00 (5.4470e+00)	Acc@1  12.89 (  6.44)	Acc@5  33.98 ( 17.43)
Epoch: [0][2841/5005]	Time  0.072 ( 0.181)	Data  0.000 ( 0.112)	Loss 4.5479e+00 (5.4439e+00)	Acc@1  12.89 (  6.47)	Acc@5  29.30 ( 17.48)
Epoch: [0][2851/5005]	Time  0.076 ( 0.181)	Data  0.000 ( 0.112)	Loss 4.4462e+00 (5.4408e+00)	Acc@1  16.41 (  6.50)	Acc@5  32.42 ( 17.53)
Epoch: [0][2861/5005]	Time  0.073 ( 0.181)	Data  0.000 ( 0.112)	Loss 4.4742e+00 (5.4374e+00)	Acc@1  16.41 (  6.53)	Acc@5  32.81 ( 17.59)
Epoch: [0][2871/5005]	Time  0.075 ( 0.181)	Data  0.000 ( 0.112)	Loss 4.4725e+00 (5.4342e+00)	Acc@1  11.72 (  6.56)	Acc@5  32.42 ( 17.64)
Epoch: [0][2881/5005]	Time  0.071 ( 0.181)	Data  0.000 ( 0.112)	Loss 4.4399e+00 (5.4313e+00)	Acc@1  13.28 (  6.58)	Acc@5  34.77 ( 17.69)
Epoch: [0][2891/5005]	Time  0.074 ( 0.181)	Data  0.000 ( 0.112)	Loss 4.6900e+00 (5.4283e+00)	Acc@1  14.06 (  6.60)	Acc@5  31.25 ( 17.74)
Epoch: [0][2901/5005]	Time  0.076 ( 0.181)	Data  0.000 ( 0.112)	Loss 4.5739e+00 (5.4252e+00)	Acc@1  10.55 (  6.63)	Acc@5  32.42 ( 17.79)
Epoch: [0][2911/5005]	Time  0.073 ( 0.181)	Data  0.000 ( 0.112)	Loss 4.5014e+00 (5.4223e+00)	Acc@1  14.06 (  6.65)	Acc@5  33.59 ( 17.83)
Epoch: [0][2921/5005]	Time  0.071 ( 0.181)	Data  0.000 ( 0.112)	Loss 4.7477e+00 (5.4195e+00)	Acc@1  10.55 (  6.68)	Acc@5  27.34 ( 17.88)
Epoch: [0][2931/5005]	Time  0.072 ( 0.181)	Data  0.000 ( 0.112)	Loss 4.5913e+00 (5.4164e+00)	Acc@1  14.45 (  6.70)	Acc@5  33.59 ( 17.93)
Epoch: [0][2941/5005]	Time  0.076 ( 0.181)	Data  0.000 ( 0.112)	Loss 4.4881e+00 (5.4134e+00)	Acc@1  17.97 (  6.73)	Acc@5  36.72 ( 17.98)
Epoch: [0][2951/5005]	Time  0.075 ( 0.181)	Data  0.000 ( 0.112)	Loss 4.4912e+00 (5.4105e+00)	Acc@1  16.02 (  6.76)	Acc@5  33.20 ( 18.03)
Epoch: [0][2961/5005]	Time  0.077 ( 0.181)	Data  0.000 ( 0.112)	Loss 4.4467e+00 (5.4077e+00)	Acc@1  16.80 (  6.78)	Acc@5  37.89 ( 18.08)
Epoch: [0][2971/5005]	Time  0.073 ( 0.181)	Data  0.000 ( 0.112)	Loss 4.6300e+00 (5.4046e+00)	Acc@1  14.84 (  6.81)	Acc@5  32.03 ( 18.13)
Epoch: [0][2981/5005]	Time  0.075 ( 0.181)	Data  0.000 ( 0.112)	Loss 4.4046e+00 (5.4016e+00)	Acc@1  16.80 (  6.83)	Acc@5  35.16 ( 18.18)
Epoch: [0][2991/5005]	Time  0.075 ( 0.181)	Data  0.000 ( 0.112)	Loss 4.4549e+00 (5.3986e+00)	Acc@1  16.41 (  6.85)	Acc@5  31.25 ( 18.23)
Epoch: [0][3001/5005]	Time  0.074 ( 0.181)	Data  0.000 ( 0.112)	Loss 4.4599e+00 (5.3956e+00)	Acc@1  14.06 (  6.88)	Acc@5  33.98 ( 18.28)
Epoch: [0][3011/5005]	Time  0.074 ( 0.181)	Data  0.000 ( 0.112)	Loss 4.3859e+00 (5.3926e+00)	Acc@1  14.84 (  6.90)	Acc@5  37.11 ( 18.33)
Epoch: [0][3021/5005]	Time  0.075 ( 0.181)	Data  0.000 ( 0.112)	Loss 4.5233e+00 (5.3898e+00)	Acc@1  10.94 (  6.92)	Acc@5  31.25 ( 18.38)
Epoch: [0][3031/5005]	Time  0.076 ( 0.181)	Data  0.000 ( 0.112)	Loss 4.4739e+00 (5.3867e+00)	Acc@1  16.41 (  6.95)	Acc@5  35.55 ( 18.43)
Epoch: [0][3041/5005]	Time  0.074 ( 0.181)	Data  0.000 ( 0.112)	Loss 4.4342e+00 (5.3836e+00)	Acc@1  16.02 (  6.98)	Acc@5  35.94 ( 18.48)
Epoch: [0][3051/5005]	Time  0.074 ( 0.181)	Data  0.000 ( 0.112)	Loss 4.2354e+00 (5.3806e+00)	Acc@1  18.36 (  7.00)	Acc@5  41.02 ( 18.53)
Epoch: [0][3061/5005]	Time  0.074 ( 0.181)	Data  0.000 ( 0.112)	Loss 4.3579e+00 (5.3778e+00)	Acc@1  16.80 (  7.03)	Acc@5  34.77 ( 18.57)
Epoch: [0][3071/5005]	Time  0.074 ( 0.181)	Data  0.000 ( 0.112)	Loss 4.4109e+00 (5.3749e+00)	Acc@1  13.28 (  7.05)	Acc@5  37.11 ( 18.62)
Epoch: [0][3081/5005]	Time  0.076 ( 0.181)	Data  0.000 ( 0.112)	Loss 4.6375e+00 (5.3720e+00)	Acc@1  14.45 (  7.07)	Acc@5  30.47 ( 18.67)
Epoch: [0][3091/5005]	Time  0.072 ( 0.181)	Data  0.000 ( 0.112)	Loss 4.5688e+00 (5.3692e+00)	Acc@1  17.58 (  7.10)	Acc@5  35.55 ( 18.71)
Epoch: [0][3101/5005]	Time  0.076 ( 0.181)	Data  0.000 ( 0.112)	Loss 4.2565e+00 (5.3662e+00)	Acc@1  16.41 (  7.12)	Acc@5  35.94 ( 18.76)
Epoch: [0][3111/5005]	Time  0.073 ( 0.181)	Data  0.000 ( 0.112)	Loss 4.4259e+00 (5.3633e+00)	Acc@1  17.58 (  7.14)	Acc@5  33.98 ( 18.81)
Epoch: [0][3121/5005]	Time  0.073 ( 0.181)	Data  0.000 ( 0.112)	Loss 4.4988e+00 (5.3605e+00)	Acc@1  16.02 (  7.17)	Acc@5  33.20 ( 18.86)
Epoch: [0][3131/5005]	Time  0.072 ( 0.181)	Data  0.000 ( 0.112)	Loss 4.5485e+00 (5.3576e+00)	Acc@1  12.50 (  7.20)	Acc@5  31.64 ( 18.91)
Epoch: [0][3141/5005]	Time  0.074 ( 0.181)	Data  0.000 ( 0.112)	Loss 4.5224e+00 (5.3549e+00)	Acc@1  11.72 (  7.22)	Acc@5  35.55 ( 18.95)
Epoch: [0][3151/5005]	Time  0.073 ( 0.181)	Data  0.000 ( 0.112)	Loss 4.4124e+00 (5.3521e+00)	Acc@1  17.97 (  7.24)	Acc@5  36.72 ( 19.00)
Epoch: [0][3161/5005]	Time  0.076 ( 0.181)	Data  0.000 ( 0.112)	Loss 4.4724e+00 (5.3492e+00)	Acc@1  16.41 (  7.26)	Acc@5  35.16 ( 19.05)
Epoch: [0][3171/5005]	Time  0.076 ( 0.181)	Data  0.000 ( 0.112)	Loss 4.4384e+00 (5.3463e+00)	Acc@1  15.23 (  7.29)	Acc@5  34.77 ( 19.10)
Epoch: [0][3181/5005]	Time  0.073 ( 0.181)	Data  0.000 ( 0.112)	Loss 4.4210e+00 (5.3433e+00)	Acc@1  16.80 (  7.32)	Acc@5  37.50 ( 19.15)
Epoch: [0][3191/5005]	Time  0.075 ( 0.181)	Data  0.000 ( 0.112)	Loss 4.5256e+00 (5.3403e+00)	Acc@1  13.67 (  7.34)	Acc@5  31.64 ( 19.21)
Epoch: [0][3201/5005]	Time  0.074 ( 0.181)	Data  0.000 ( 0.112)	Loss 4.3407e+00 (5.3375e+00)	Acc@1  17.19 (  7.37)	Acc@5  32.03 ( 19.26)
Epoch: [0][3211/5005]	Time  0.075 ( 0.181)	Data  0.000 ( 0.112)	Loss 4.3374e+00 (5.3346e+00)	Acc@1  11.72 (  7.39)	Acc@5  37.50 ( 19.31)
Epoch: [0][3221/5005]	Time  0.078 ( 0.181)	Data  0.000 ( 0.112)	Loss 4.6118e+00 (5.3319e+00)	Acc@1  10.55 (  7.41)	Acc@5  28.52 ( 19.35)
Epoch: [0][3231/5005]	Time  0.077 ( 0.181)	Data  0.000 ( 0.112)	Loss 4.7008e+00 (5.3290e+00)	Acc@1  13.28 (  7.43)	Acc@5  29.30 ( 19.40)
Epoch: [0][3241/5005]	Time  0.076 ( 0.181)	Data  0.000 ( 0.112)	Loss 4.2346e+00 (5.3262e+00)	Acc@1  18.36 (  7.46)	Acc@5  40.62 ( 19.45)
Epoch: [0][3251/5005]	Time  0.075 ( 0.181)	Data  0.000 ( 0.112)	Loss 4.3364e+00 (5.3235e+00)	Acc@1  20.31 (  7.49)	Acc@5  36.33 ( 19.50)
Epoch: [0][3261/5005]	Time  0.075 ( 0.181)	Data  0.000 ( 0.112)	Loss 4.3250e+00 (5.3207e+00)	Acc@1  19.14 (  7.51)	Acc@5  37.89 ( 19.54)
Epoch: [0][3271/5005]	Time  0.073 ( 0.181)	Data  0.000 ( 0.112)	Loss 4.3689e+00 (5.3179e+00)	Acc@1  14.45 (  7.54)	Acc@5  34.77 ( 19.59)
Epoch: [0][3281/5005]	Time  0.071 ( 0.181)	Data  0.000 ( 0.112)	Loss 4.5594e+00 (5.3156e+00)	Acc@1  15.62 (  7.56)	Acc@5  33.98 ( 19.63)
Epoch: [0][3291/5005]	Time  0.076 ( 0.181)	Data  0.000 ( 0.112)	Loss 4.3862e+00 (5.3128e+00)	Acc@1  14.45 (  7.59)	Acc@5  35.55 ( 19.68)
Epoch: [0][3301/5005]	Time  0.075 ( 0.181)	Data  0.000 ( 0.112)	Loss 4.3387e+00 (5.3100e+00)	Acc@1  18.75 (  7.61)	Acc@5  40.23 ( 19.73)
Epoch: [0][3311/5005]	Time  0.076 ( 0.181)	Data  0.000 ( 0.112)	Loss 4.3643e+00 (5.3072e+00)	Acc@1  17.97 (  7.63)	Acc@5  33.59 ( 19.78)
Epoch: [0][3321/5005]	Time  0.075 ( 0.181)	Data  0.000 ( 0.112)	Loss 4.3687e+00 (5.3045e+00)	Acc@1  14.06 (  7.65)	Acc@5  39.06 ( 19.83)
Epoch: [0][3331/5005]	Time  0.078 ( 0.181)	Data  0.000 ( 0.112)	Loss 4.5134e+00 (5.3017e+00)	Acc@1  10.55 (  7.68)	Acc@5  30.86 ( 19.87)
Epoch: [0][3341/5005]	Time  0.076 ( 0.181)	Data  0.000 ( 0.112)	Loss 4.2248e+00 (5.2991e+00)	Acc@1  14.06 (  7.70)	Acc@5  39.84 ( 19.92)
Epoch: [0][3351/5005]	Time  0.074 ( 0.181)	Data  0.000 ( 0.112)	Loss 4.3929e+00 (5.2965e+00)	Acc@1  14.06 (  7.72)	Acc@5  35.94 ( 19.96)
Epoch: [0][3361/5005]	Time  0.072 ( 0.181)	Data  0.000 ( 0.112)	Loss 4.3507e+00 (5.2939e+00)	Acc@1  15.62 (  7.75)	Acc@5  35.16 ( 20.01)
Epoch: [0][3371/5005]	Time  0.076 ( 0.181)	Data  0.000 ( 0.112)	Loss 4.2549e+00 (5.2913e+00)	Acc@1  16.80 (  7.77)	Acc@5  36.33 ( 20.05)
Epoch: [0][3381/5005]	Time  0.078 ( 0.181)	Data  0.000 ( 0.112)	Loss 4.1458e+00 (5.2886e+00)	Acc@1  22.66 (  7.79)	Acc@5  41.41 ( 20.10)
Epoch: [0][3391/5005]	Time  0.074 ( 0.181)	Data  0.000 ( 0.112)	Loss 4.2257e+00 (5.2859e+00)	Acc@1  16.41 (  7.82)	Acc@5  37.11 ( 20.14)
Epoch: [0][3401/5005]	Time  0.081 ( 0.181)	Data  0.000 ( 0.112)	Loss 4.4036e+00 (5.2832e+00)	Acc@1  14.45 (  7.84)	Acc@5  33.98 ( 20.19)
Epoch: [0][3411/5005]	Time  0.075 ( 0.181)	Data  0.000 ( 0.112)	Loss 4.2673e+00 (5.2805e+00)	Acc@1  16.80 (  7.87)	Acc@5  37.50 ( 20.24)
Epoch: [0][3421/5005]	Time  0.076 ( 0.181)	Data  0.000 ( 0.112)	Loss 4.3489e+00 (5.2777e+00)	Acc@1  18.36 (  7.90)	Acc@5  37.50 ( 20.28)
Epoch: [0][3431/5005]	Time  0.073 ( 0.181)	Data  0.000 ( 0.112)	Loss 4.2432e+00 (5.2750e+00)	Acc@1  12.11 (  7.92)	Acc@5  37.50 ( 20.33)
Epoch: [0][3441/5005]	Time  0.076 ( 0.181)	Data  0.000 ( 0.112)	Loss 4.2027e+00 (5.2723e+00)	Acc@1  14.84 (  7.94)	Acc@5  37.50 ( 20.37)
Epoch: [0][3451/5005]	Time  0.075 ( 0.181)	Data  0.000 ( 0.112)	Loss 4.3526e+00 (5.2696e+00)	Acc@1  16.41 (  7.96)	Acc@5  35.16 ( 20.42)
Epoch: [0][3461/5005]	Time  0.072 ( 0.181)	Data  0.000 ( 0.112)	Loss 4.3798e+00 (5.2669e+00)	Acc@1  17.19 (  7.99)	Acc@5  37.11 ( 20.46)
Epoch: [0][3471/5005]	Time  0.072 ( 0.181)	Data  0.000 ( 0.112)	Loss 4.5270e+00 (5.2644e+00)	Acc@1  19.92 (  8.01)	Acc@5  35.55 ( 20.51)
Epoch: [0][3481/5005]	Time  0.075 ( 0.181)	Data  0.000 ( 0.112)	Loss 4.5588e+00 (5.2618e+00)	Acc@1  14.84 (  8.03)	Acc@5  30.86 ( 20.55)
Epoch: [0][3491/5005]	Time  0.073 ( 0.181)	Data  0.000 ( 0.112)	Loss 4.3204e+00 (5.2589e+00)	Acc@1  17.19 (  8.06)	Acc@5  38.28 ( 20.60)
Epoch: [0][3501/5005]	Time  0.076 ( 0.181)	Data  0.000 ( 0.112)	Loss 4.2979e+00 (5.2563e+00)	Acc@1  17.19 (  8.08)	Acc@5  39.06 ( 20.65)
Epoch: [0][3511/5005]	Time  0.075 ( 0.181)	Data  0.000 ( 0.112)	Loss 4.3745e+00 (5.2537e+00)	Acc@1  17.97 (  8.11)	Acc@5  35.16 ( 20.69)
Epoch: [0][3521/5005]	Time  0.076 ( 0.181)	Data  0.000 ( 0.112)	Loss 4.3488e+00 (5.2510e+00)	Acc@1  14.06 (  8.13)	Acc@5  36.72 ( 20.74)
Epoch: [0][3531/5005]	Time  0.074 ( 0.181)	Data  0.000 ( 0.112)	Loss 4.1033e+00 (5.2485e+00)	Acc@1  17.97 (  8.16)	Acc@5  41.80 ( 20.78)
Epoch: [0][3541/5005]	Time  0.077 ( 0.181)	Data  0.000 ( 0.112)	Loss 4.3289e+00 (5.2459e+00)	Acc@1  16.80 (  8.18)	Acc@5  37.89 ( 20.82)
Epoch: [0][3551/5005]	Time  0.075 ( 0.181)	Data  0.000 ( 0.112)	Loss 4.3648e+00 (5.2433e+00)	Acc@1  15.62 (  8.20)	Acc@5  37.89 ( 20.87)
Epoch: [0][3561/5005]	Time  0.080 ( 0.181)	Data  0.000 ( 0.112)	Loss 4.1913e+00 (5.2407e+00)	Acc@1  19.92 (  8.23)	Acc@5  40.62 ( 20.92)
Epoch: [0][3571/5005]	Time  0.076 ( 0.181)	Data  0.000 ( 0.112)	Loss 4.4004e+00 (5.2381e+00)	Acc@1  12.50 (  8.26)	Acc@5  30.86 ( 20.97)
Epoch: [0][3581/5005]	Time  0.073 ( 0.181)	Data  0.000 ( 0.112)	Loss 4.1732e+00 (5.2354e+00)	Acc@1  16.41 (  8.28)	Acc@5  33.98 ( 21.01)
Epoch: [0][3591/5005]	Time  0.075 ( 0.181)	Data  0.000 ( 0.112)	Loss 4.1527e+00 (5.2328e+00)	Acc@1  18.36 (  8.30)	Acc@5  39.84 ( 21.05)
Epoch: [0][3601/5005]	Time  0.075 ( 0.181)	Data  0.000 ( 0.112)	Loss 4.3837e+00 (5.2302e+00)	Acc@1  15.62 (  8.33)	Acc@5  36.33 ( 21.09)
Epoch: [0][3611/5005]	Time  0.075 ( 0.181)	Data  0.000 ( 0.112)	Loss 4.4144e+00 (5.2277e+00)	Acc@1  14.84 (  8.35)	Acc@5  34.77 ( 21.14)
Epoch: [0][3621/5005]	Time  0.076 ( 0.181)	Data  0.000 ( 0.112)	Loss 4.2502e+00 (5.2250e+00)	Acc@1  17.19 (  8.38)	Acc@5  36.72 ( 21.19)
Epoch: [0][3631/5005]	Time  0.074 ( 0.181)	Data  0.000 ( 0.112)	Loss 4.5951e+00 (5.2226e+00)	Acc@1  16.02 (  8.40)	Acc@5  32.81 ( 21.23)
Epoch: [0][3641/5005]	Time  0.074 ( 0.181)	Data  0.001 ( 0.112)	Loss 4.2728e+00 (5.2199e+00)	Acc@1  14.45 (  8.43)	Acc@5  33.59 ( 21.27)
Epoch: [0][3651/5005]	Time  0.077 ( 0.181)	Data  0.000 ( 0.112)	Loss 4.3939e+00 (5.2175e+00)	Acc@1  17.58 (  8.45)	Acc@5  33.98 ( 21.31)
Epoch: [0][3661/5005]	Time  0.075 ( 0.181)	Data  0.000 ( 0.112)	Loss 4.3346e+00 (5.2149e+00)	Acc@1  15.62 (  8.47)	Acc@5  33.20 ( 21.36)
Epoch: [0][3671/5005]	Time  0.073 ( 0.181)	Data  0.000 ( 0.112)	Loss 4.3890e+00 (5.2123e+00)	Acc@1  16.80 (  8.50)	Acc@5  37.11 ( 21.40)
Epoch: [0][3681/5005]	Time  0.074 ( 0.181)	Data  0.000 ( 0.112)	Loss 4.2055e+00 (5.2097e+00)	Acc@1  20.31 (  8.52)	Acc@5  38.67 ( 21.45)
Epoch: [0][3691/5005]	Time  0.076 ( 0.181)	Data  0.000 ( 0.112)	Loss 4.1347e+00 (5.2071e+00)	Acc@1  14.84 (  8.55)	Acc@5  37.50 ( 21.49)
Epoch: [0][3701/5005]	Time  0.074 ( 0.181)	Data  0.003 ( 0.112)	Loss 4.2405e+00 (5.2044e+00)	Acc@1  16.41 (  8.57)	Acc@5  34.38 ( 21.54)
Epoch: [0][3711/5005]	Time  0.074 ( 0.181)	Data  0.000 ( 0.112)	Loss 4.3444e+00 (5.2020e+00)	Acc@1  14.06 (  8.59)	Acc@5  37.89 ( 21.58)
Epoch: [0][3721/5005]	Time  0.075 ( 0.181)	Data  0.000 ( 0.112)	Loss 4.4044e+00 (5.1995e+00)	Acc@1  16.02 (  8.62)	Acc@5  35.94 ( 21.62)
Epoch: [0][3731/5005]	Time  0.079 ( 0.181)	Data  0.000 ( 0.112)	Loss 4.4087e+00 (5.1971e+00)	Acc@1  13.28 (  8.64)	Acc@5  33.98 ( 21.66)
Epoch: [0][3741/5005]	Time  0.075 ( 0.181)	Data  0.000 ( 0.112)	Loss 4.2514e+00 (5.1945e+00)	Acc@1  15.23 (  8.66)	Acc@5  39.45 ( 21.71)
Epoch: [0][3751/5005]	Time  0.073 ( 0.181)	Data  0.000 ( 0.112)	Loss 4.2940e+00 (5.1920e+00)	Acc@1  14.84 (  8.69)	Acc@5  35.16 ( 21.75)
Epoch: [0][3761/5005]	Time  0.076 ( 0.181)	Data  0.000 ( 0.112)	Loss 4.2593e+00 (5.1894e+00)	Acc@1  18.75 (  8.71)	Acc@5  38.28 ( 21.80)
Epoch: [0][3771/5005]	Time  0.076 ( 0.181)	Data  0.000 ( 0.112)	Loss 4.3114e+00 (5.1868e+00)	Acc@1  15.23 (  8.74)	Acc@5  36.33 ( 21.84)
Epoch: [0][3781/5005]	Time  0.076 ( 0.181)	Data  0.000 ( 0.112)	Loss 4.0134e+00 (5.1843e+00)	Acc@1  23.05 (  8.76)	Acc@5  41.80 ( 21.89)
Epoch: [0][3791/5005]	Time  0.071 ( 0.181)	Data  0.000 ( 0.112)	Loss 4.0798e+00 (5.1816e+00)	Acc@1  19.92 (  8.79)	Acc@5  39.84 ( 21.93)
Epoch: [0][3801/5005]	Time  0.071 ( 0.181)	Data  0.000 ( 0.112)	Loss 4.1129e+00 (5.1788e+00)	Acc@1  18.36 (  8.82)	Acc@5  38.28 ( 21.98)
Epoch: [0][3811/5005]	Time  0.076 ( 0.181)	Data  0.000 ( 0.112)	Loss 4.1803e+00 (5.1764e+00)	Acc@1  20.31 (  8.84)	Acc@5  38.67 ( 22.02)
Epoch: [0][3821/5005]	Time  0.077 ( 0.181)	Data  0.000 ( 0.112)	Loss 4.1239e+00 (5.1738e+00)	Acc@1  18.75 (  8.87)	Acc@5  39.45 ( 22.07)
Epoch: [0][3831/5005]	Time  0.075 ( 0.181)	Data  0.000 ( 0.112)	Loss 4.3422e+00 (5.1713e+00)	Acc@1  17.97 (  8.89)	Acc@5  37.50 ( 22.11)
Epoch: [0][3841/5005]	Time  0.147 ( 0.181)	Data  0.000 ( 0.112)	Loss 4.1932e+00 (5.1687e+00)	Acc@1  18.36 (  8.91)	Acc@5  40.62 ( 22.15)
Epoch: [0][3851/5005]	Time  0.076 ( 0.181)	Data  0.000 ( 0.112)	Loss 4.4799e+00 (5.1662e+00)	Acc@1  17.19 (  8.94)	Acc@5  35.55 ( 22.20)
Epoch: [0][3861/5005]	Time  0.076 ( 0.181)	Data  0.000 ( 0.112)	Loss 4.0279e+00 (5.1635e+00)	Acc@1  24.61 (  8.97)	Acc@5  43.36 ( 22.25)
Epoch: [0][3871/5005]	Time  0.072 ( 0.181)	Data  0.000 ( 0.112)	Loss 4.3013e+00 (5.1611e+00)	Acc@1  14.84 (  8.99)	Acc@5  36.33 ( 22.29)
Epoch: [0][3881/5005]	Time  0.076 ( 0.181)	Data  0.000 ( 0.112)	Loss 4.1141e+00 (5.1585e+00)	Acc@1  18.36 (  9.01)	Acc@5  42.58 ( 22.33)
Epoch: [0][3891/5005]	Time  0.075 ( 0.181)	Data  0.001 ( 0.112)	Loss 4.0753e+00 (5.1561e+00)	Acc@1  21.09 (  9.04)	Acc@5  39.84 ( 22.38)
Epoch: [0][3901/5005]	Time  0.076 ( 0.181)	Data  0.000 ( 0.112)	Loss 4.4171e+00 (5.1537e+00)	Acc@1  14.45 (  9.06)	Acc@5  36.72 ( 22.42)
Epoch: [0][3911/5005]	Time  0.076 ( 0.181)	Data  0.000 ( 0.112)	Loss 4.1283e+00 (5.1513e+00)	Acc@1  18.36 (  9.09)	Acc@5  41.41 ( 22.46)
Epoch: [0][3921/5005]	Time  0.074 ( 0.181)	Data  0.000 ( 0.112)	Loss 4.2561e+00 (5.1488e+00)	Acc@1  14.45 (  9.11)	Acc@5  33.59 ( 22.50)
Epoch: [0][3931/5005]	Time  0.076 ( 0.181)	Data  0.000 ( 0.112)	Loss 4.2945e+00 (5.1465e+00)	Acc@1  16.41 (  9.13)	Acc@5  38.28 ( 22.54)
Epoch: [0][3941/5005]	Time  0.073 ( 0.181)	Data  0.000 ( 0.112)	Loss 4.3981e+00 (5.1441e+00)	Acc@1  17.19 (  9.16)	Acc@5  35.16 ( 22.59)
Epoch: [0][3951/5005]	Time  0.073 ( 0.181)	Data  0.000 ( 0.112)	Loss 4.3716e+00 (5.1417e+00)	Acc@1  14.06 (  9.18)	Acc@5  35.16 ( 22.63)
Epoch: [0][3961/5005]	Time  0.074 ( 0.181)	Data  0.000 ( 0.112)	Loss 4.4749e+00 (5.1394e+00)	Acc@1  14.06 (  9.20)	Acc@5  32.03 ( 22.67)
Epoch: [0][3971/5005]	Time  0.074 ( 0.181)	Data  0.000 ( 0.112)	Loss 4.4638e+00 (5.1371e+00)	Acc@1  15.62 (  9.22)	Acc@5  34.38 ( 22.71)
Epoch: [0][3981/5005]	Time  0.076 ( 0.181)	Data  0.000 ( 0.112)	Loss 4.2864e+00 (5.1349e+00)	Acc@1  16.80 (  9.24)	Acc@5  35.94 ( 22.75)
Epoch: [0][3991/5005]	Time  0.075 ( 0.181)	Data  0.000 ( 0.112)	Loss 4.3742e+00 (5.1326e+00)	Acc@1  14.45 (  9.27)	Acc@5  38.67 ( 22.79)
Epoch: [0][4001/5005]	Time  0.072 ( 0.181)	Data  0.000 ( 0.112)	Loss 3.9836e+00 (5.1301e+00)	Acc@1  20.70 (  9.29)	Acc@5  42.58 ( 22.83)
Epoch: [0][4011/5005]	Time  0.069 ( 0.181)	Data  0.000 ( 0.112)	Loss 3.8352e+00 (5.1276e+00)	Acc@1  23.83 (  9.31)	Acc@5  45.31 ( 22.87)
Epoch: [0][4021/5005]	Time  0.075 ( 0.181)	Data  0.000 ( 0.112)	Loss 4.1500e+00 (5.1255e+00)	Acc@1  19.53 (  9.33)	Acc@5  39.84 ( 22.92)
Epoch: [0][4031/5005]	Time  0.076 ( 0.181)	Data  0.000 ( 0.112)	Loss 4.2177e+00 (5.1232e+00)	Acc@1  17.58 (  9.36)	Acc@5  38.67 ( 22.96)
Epoch: [0][4041/5005]	Time  0.074 ( 0.181)	Data  0.000 ( 0.112)	Loss 3.9514e+00 (5.1206e+00)	Acc@1  17.97 (  9.38)	Acc@5  41.02 ( 23.00)
Epoch: [0][4051/5005]	Time  0.072 ( 0.181)	Data  0.000 ( 0.112)	Loss 4.0073e+00 (5.1182e+00)	Acc@1  18.75 (  9.41)	Acc@5  43.75 ( 23.05)
Epoch: [0][4061/5005]	Time  0.073 ( 0.181)	Data  0.000 ( 0.112)	Loss 4.0037e+00 (5.1158e+00)	Acc@1  21.88 (  9.43)	Acc@5  40.23 ( 23.09)
Epoch: [0][4071/5005]	Time  0.076 ( 0.181)	Data  0.000 ( 0.112)	Loss 4.3632e+00 (5.1134e+00)	Acc@1  16.80 (  9.46)	Acc@5  37.50 ( 23.13)
Epoch: [0][4081/5005]	Time  0.079 ( 0.181)	Data  0.000 ( 0.112)	Loss 4.1478e+00 (5.1109e+00)	Acc@1  20.70 (  9.48)	Acc@5  39.06 ( 23.17)
Epoch: [0][4091/5005]	Time  0.073 ( 0.181)	Data  0.000 ( 0.112)	Loss 4.1799e+00 (5.1088e+00)	Acc@1  22.27 (  9.50)	Acc@5  39.45 ( 23.21)
Epoch: [0][4101/5005]	Time  0.074 ( 0.181)	Data  0.000 ( 0.112)	Loss 4.3540e+00 (5.1064e+00)	Acc@1  18.75 (  9.53)	Acc@5  37.11 ( 23.25)
Epoch: [0][4111/5005]	Time  0.078 ( 0.181)	Data  0.000 ( 0.112)	Loss 3.9882e+00 (5.1040e+00)	Acc@1  18.36 (  9.55)	Acc@5  38.67 ( 23.29)
Epoch: [0][4121/5005]	Time  0.077 ( 0.181)	Data  0.000 ( 0.112)	Loss 4.1132e+00 (5.1017e+00)	Acc@1  21.88 (  9.57)	Acc@5  41.02 ( 23.33)
Epoch: [0][4131/5005]	Time  0.076 ( 0.181)	Data  0.000 ( 0.112)	Loss 3.9959e+00 (5.0992e+00)	Acc@1  22.66 (  9.60)	Acc@5  42.58 ( 23.38)
Epoch: [0][4141/5005]	Time  0.074 ( 0.181)	Data  0.000 ( 0.112)	Loss 4.2295e+00 (5.0968e+00)	Acc@1  16.80 (  9.62)	Acc@5  39.06 ( 23.42)
Epoch: [0][4151/5005]	Time  0.075 ( 0.181)	Data  0.000 ( 0.112)	Loss 4.2553e+00 (5.0946e+00)	Acc@1  17.97 (  9.64)	Acc@5  36.33 ( 23.46)
Epoch: [0][4161/5005]	Time  0.073 ( 0.181)	Data  0.000 ( 0.112)	Loss 4.4373e+00 (5.0925e+00)	Acc@1  16.80 (  9.66)	Acc@5  34.38 ( 23.50)
Epoch: [0][4171/5005]	Time  0.075 ( 0.181)	Data  0.000 ( 0.112)	Loss 4.2373e+00 (5.0901e+00)	Acc@1  19.14 (  9.69)	Acc@5  40.23 ( 23.54)
Epoch: [0][4181/5005]	Time  0.075 ( 0.181)	Data  0.000 ( 0.112)	Loss 3.9919e+00 (5.0876e+00)	Acc@1  19.53 (  9.71)	Acc@5  41.80 ( 23.58)
Epoch: [0][4191/5005]	Time  0.075 ( 0.181)	Data  0.000 ( 0.112)	Loss 3.9888e+00 (5.0851e+00)	Acc@1  21.09 (  9.74)	Acc@5  41.80 ( 23.63)
Epoch: [0][4201/5005]	Time  0.076 ( 0.181)	Data  0.000 ( 0.112)	Loss 4.2575e+00 (5.0828e+00)	Acc@1  17.58 (  9.76)	Acc@5  37.50 ( 23.66)
Epoch: [0][4211/5005]	Time  0.075 ( 0.181)	Data  0.000 ( 0.112)	Loss 4.2643e+00 (5.0804e+00)	Acc@1  15.62 (  9.78)	Acc@5  38.67 ( 23.71)
Epoch: [0][4221/5005]	Time  0.072 ( 0.181)	Data  0.000 ( 0.112)	Loss 4.0770e+00 (5.0783e+00)	Acc@1  20.31 (  9.80)	Acc@5  42.58 ( 23.74)
Epoch: [0][4231/5005]	Time  0.074 ( 0.181)	Data  0.000 ( 0.112)	Loss 4.1857e+00 (5.0759e+00)	Acc@1  18.36 (  9.83)	Acc@5  40.23 ( 23.78)
Epoch: [0][4241/5005]	Time  0.076 ( 0.181)	Data  0.000 ( 0.112)	Loss 4.1410e+00 (5.0737e+00)	Acc@1  16.41 (  9.85)	Acc@5  41.02 ( 23.82)
Epoch: [0][4251/5005]	Time  0.075 ( 0.181)	Data  0.000 ( 0.112)	Loss 3.9840e+00 (5.0714e+00)	Acc@1  22.66 (  9.87)	Acc@5  47.66 ( 23.86)
Epoch: [0][4261/5005]	Time  0.077 ( 0.181)	Data  0.000 ( 0.112)	Loss 4.1969e+00 (5.0692e+00)	Acc@1  21.88 (  9.89)	Acc@5  42.19 ( 23.90)
Epoch: [0][4271/5005]	Time  0.066 ( 0.181)	Data  0.000 ( 0.112)	Loss 4.1086e+00 (5.0668e+00)	Acc@1  20.31 (  9.91)	Acc@5  40.62 ( 23.95)
Epoch: [0][4281/5005]	Time  0.073 ( 0.181)	Data  0.000 ( 0.112)	Loss 3.7477e+00 (5.0646e+00)	Acc@1  23.83 (  9.93)	Acc@5  50.39 ( 23.99)
Epoch: [0][4291/5005]	Time  0.075 ( 0.181)	Data  0.000 ( 0.112)	Loss 3.9395e+00 (5.0622e+00)	Acc@1  19.92 (  9.96)	Acc@5  42.19 ( 24.03)
Epoch: [0][4301/5005]	Time  0.076 ( 0.181)	Data  0.000 ( 0.112)	Loss 3.9088e+00 (5.0600e+00)	Acc@1  23.44 (  9.98)	Acc@5  41.80 ( 24.07)
Epoch: [0][4311/5005]	Time  0.076 ( 0.181)	Data  0.000 ( 0.112)	Loss 4.1098e+00 (5.0577e+00)	Acc@1  17.19 ( 10.01)	Acc@5  37.89 ( 24.11)
Epoch: [0][4321/5005]	Time  0.076 ( 0.181)	Data  0.000 ( 0.112)	Loss 3.9526e+00 (5.0554e+00)	Acc@1  23.83 ( 10.03)	Acc@5  44.92 ( 24.15)
Epoch: [0][4331/5005]	Time  0.075 ( 0.181)	Data  0.000 ( 0.112)	Loss 4.3402e+00 (5.0532e+00)	Acc@1  16.41 ( 10.05)	Acc@5  39.06 ( 24.19)
Epoch: [0][4341/5005]	Time  0.076 ( 0.181)	Data  0.003 ( 0.112)	Loss 4.0657e+00 (5.0510e+00)	Acc@1  22.27 ( 10.08)	Acc@5  42.58 ( 24.23)
Epoch: [0][4351/5005]	Time  0.075 ( 0.181)	Data  0.000 ( 0.112)	Loss 4.1897e+00 (5.0487e+00)	Acc@1  18.36 ( 10.10)	Acc@5  33.98 ( 24.27)
Epoch: [0][4361/5005]	Time  0.075 ( 0.181)	Data  0.000 ( 0.112)	Loss 4.0373e+00 (5.0465e+00)	Acc@1  22.66 ( 10.12)	Acc@5  41.41 ( 24.30)
Epoch: [0][4371/5005]	Time  0.078 ( 0.181)	Data  0.000 ( 0.112)	Loss 4.0035e+00 (5.0442e+00)	Acc@1  20.31 ( 10.14)	Acc@5  43.75 ( 24.34)
Epoch: [0][4381/5005]	Time  0.077 ( 0.181)	Data  0.000 ( 0.112)	Loss 3.7347e+00 (5.0419e+00)	Acc@1  22.27 ( 10.17)	Acc@5  49.22 ( 24.38)
Epoch: [0][4391/5005]	Time  0.073 ( 0.181)	Data  0.000 ( 0.112)	Loss 4.1445e+00 (5.0397e+00)	Acc@1  19.14 ( 10.19)	Acc@5  39.45 ( 24.42)
Epoch: [0][4401/5005]	Time  0.079 ( 0.181)	Data  0.000 ( 0.112)	Loss 3.9824e+00 (5.0373e+00)	Acc@1  19.92 ( 10.21)	Acc@5  39.45 ( 24.46)
Epoch: [0][4411/5005]	Time  0.072 ( 0.181)	Data  0.000 ( 0.112)	Loss 4.2277e+00 (5.0351e+00)	Acc@1  19.14 ( 10.23)	Acc@5  39.45 ( 24.50)
Epoch: [0][4421/5005]	Time  0.076 ( 0.181)	Data  0.000 ( 0.112)	Loss 4.0607e+00 (5.0330e+00)	Acc@1  24.61 ( 10.25)	Acc@5  41.41 ( 24.53)
Epoch: [0][4431/5005]	Time  0.072 ( 0.181)	Data  0.000 ( 0.112)	Loss 3.8712e+00 (5.0308e+00)	Acc@1  19.53 ( 10.28)	Acc@5  44.92 ( 24.57)
Epoch: [0][4441/5005]	Time  0.074 ( 0.181)	Data  0.000 ( 0.112)	Loss 4.0757e+00 (5.0285e+00)	Acc@1  18.36 ( 10.30)	Acc@5  43.36 ( 24.61)
Epoch: [0][4451/5005]	Time  0.078 ( 0.181)	Data  0.000 ( 0.112)	Loss 4.1689e+00 (5.0262e+00)	Acc@1  17.58 ( 10.32)	Acc@5  38.28 ( 24.66)
Epoch: [0][4461/5005]	Time  0.074 ( 0.181)	Data  0.000 ( 0.112)	Loss 3.9590e+00 (5.0239e+00)	Acc@1  21.48 ( 10.34)	Acc@5  45.31 ( 24.70)
Epoch: [0][4471/5005]	Time  0.073 ( 0.181)	Data  0.000 ( 0.112)	Loss 4.1374e+00 (5.0217e+00)	Acc@1  14.84 ( 10.37)	Acc@5  39.84 ( 24.74)
Epoch: [0][4481/5005]	Time  0.073 ( 0.181)	Data  0.000 ( 0.112)	Loss 4.0709e+00 (5.0193e+00)	Acc@1  19.14 ( 10.39)	Acc@5  40.62 ( 24.78)
Epoch: [0][4491/5005]	Time  0.075 ( 0.181)	Data  0.000 ( 0.112)	Loss 4.1016e+00 (5.0172e+00)	Acc@1  17.58 ( 10.42)	Acc@5  43.75 ( 24.82)
Epoch: [0][4501/5005]	Time  0.076 ( 0.181)	Data  0.000 ( 0.112)	Loss 4.1456e+00 (5.0150e+00)	Acc@1  20.70 ( 10.44)	Acc@5  40.23 ( 24.86)
Epoch: [0][4511/5005]	Time  0.074 ( 0.181)	Data  0.000 ( 0.113)	Loss 3.9427e+00 (5.0129e+00)	Acc@1  19.53 ( 10.46)	Acc@5  43.36 ( 24.90)
Epoch: [0][4521/5005]	Time  0.077 ( 0.181)	Data  0.000 ( 0.112)	Loss 4.2239e+00 (5.0109e+00)	Acc@1  20.31 ( 10.48)	Acc@5  40.62 ( 24.93)
Epoch: [0][4531/5005]	Time  0.074 ( 0.181)	Data  0.000 ( 0.112)	Loss 4.0093e+00 (5.0087e+00)	Acc@1  20.31 ( 10.50)	Acc@5  38.67 ( 24.97)
Epoch: [0][4541/5005]	Time  0.075 ( 0.181)	Data  0.000 ( 0.112)	Loss 4.0220e+00 (5.0066e+00)	Acc@1  21.88 ( 10.52)	Acc@5  42.97 ( 25.01)
Epoch: [0][4551/5005]	Time  0.076 ( 0.181)	Data  0.000 ( 0.112)	Loss 4.0538e+00 (5.0043e+00)	Acc@1  22.66 ( 10.55)	Acc@5  45.70 ( 25.05)
Epoch: [0][4561/5005]	Time  0.075 ( 0.181)	Data  0.000 ( 0.112)	Loss 3.8175e+00 (5.0022e+00)	Acc@1  20.70 ( 10.57)	Acc@5  44.53 ( 25.09)
Epoch: [0][4571/5005]	Time  0.073 ( 0.181)	Data  0.000 ( 0.112)	Loss 3.8394e+00 (4.9999e+00)	Acc@1  21.88 ( 10.59)	Acc@5  46.88 ( 25.13)
Epoch: [0][4581/5005]	Time  0.077 ( 0.181)	Data  0.000 ( 0.112)	Loss 4.0331e+00 (4.9977e+00)	Acc@1  25.39 ( 10.62)	Acc@5  44.14 ( 25.17)
Epoch: [0][4591/5005]	Time  0.078 ( 0.181)	Data  0.000 ( 0.113)	Loss 3.7932e+00 (4.9956e+00)	Acc@1  20.70 ( 10.64)	Acc@5  45.70 ( 25.20)
Epoch: [0][4601/5005]	Time  0.076 ( 0.181)	Data  0.000 ( 0.112)	Loss 4.0102e+00 (4.9934e+00)	Acc@1  21.09 ( 10.66)	Acc@5  41.80 ( 25.24)
Epoch: [0][4611/5005]	Time  0.076 ( 0.181)	Data  0.000 ( 0.112)	Loss 3.9719e+00 (4.9910e+00)	Acc@1  20.70 ( 10.69)	Acc@5  42.19 ( 25.28)
Epoch: [0][4621/5005]	Time  0.075 ( 0.181)	Data  0.000 ( 0.112)	Loss 3.9387e+00 (4.9889e+00)	Acc@1  18.75 ( 10.71)	Acc@5  43.36 ( 25.32)
Epoch: [0][4631/5005]	Time  0.073 ( 0.181)	Data  0.000 ( 0.113)	Loss 3.9208e+00 (4.9867e+00)	Acc@1  19.92 ( 10.73)	Acc@5  44.14 ( 25.36)
Epoch: [0][4641/5005]	Time  0.076 ( 0.181)	Data  0.000 ( 0.112)	Loss 4.0546e+00 (4.9846e+00)	Acc@1  22.27 ( 10.76)	Acc@5  41.80 ( 25.40)
Epoch: [0][4651/5005]	Time  0.076 ( 0.181)	Data  0.000 ( 0.112)	Loss 3.9500e+00 (4.9826e+00)	Acc@1  19.14 ( 10.78)	Acc@5  41.80 ( 25.44)
Epoch: [0][4661/5005]	Time  0.075 ( 0.181)	Data  0.000 ( 0.112)	Loss 3.9352e+00 (4.9803e+00)	Acc@1  22.66 ( 10.80)	Acc@5  44.92 ( 25.48)
Epoch: [0][4671/5005]	Time  0.069 ( 0.181)	Data  0.000 ( 0.113)	Loss 4.0229e+00 (4.9783e+00)	Acc@1  22.27 ( 10.83)	Acc@5  43.75 ( 25.51)
Epoch: [0][4681/5005]	Time  0.073 ( 0.181)	Data  0.000 ( 0.112)	Loss 4.0887e+00 (4.9764e+00)	Acc@1  21.09 ( 10.84)	Acc@5  46.09 ( 25.55)
Epoch: [0][4691/5005]	Time  0.076 ( 0.181)	Data  0.000 ( 0.112)	Loss 4.0784e+00 (4.9744e+00)	Acc@1  17.58 ( 10.87)	Acc@5  40.23 ( 25.59)
Epoch: [0][4701/5005]	Time  0.074 ( 0.181)	Data  0.000 ( 0.112)	Loss 3.8481e+00 (4.9719e+00)	Acc@1  23.44 ( 10.89)	Acc@5  42.97 ( 25.63)
Epoch: [0][4711/5005]	Time  0.076 ( 0.181)	Data  0.000 ( 0.112)	Loss 3.8344e+00 (4.9698e+00)	Acc@1  23.83 ( 10.91)	Acc@5  45.70 ( 25.67)
Epoch: [0][4721/5005]	Time  0.075 ( 0.181)	Data  0.000 ( 0.112)	Loss 4.1938e+00 (4.9676e+00)	Acc@1  18.75 ( 10.93)	Acc@5  39.45 ( 25.71)
Epoch: [0][4731/5005]	Time  0.079 ( 0.181)	Data  0.000 ( 0.112)	Loss 3.7802e+00 (4.9655e+00)	Acc@1  23.83 ( 10.95)	Acc@5  47.27 ( 25.75)
Epoch: [0][4741/5005]	Time  0.075 ( 0.181)	Data  0.000 ( 0.112)	Loss 3.9093e+00 (4.9635e+00)	Acc@1  23.83 ( 10.98)	Acc@5  40.62 ( 25.78)
Epoch: [0][4751/5005]	Time  0.072 ( 0.181)	Data  0.000 ( 0.112)	Loss 4.0680e+00 (4.9614e+00)	Acc@1  19.53 ( 11.00)	Acc@5  43.75 ( 25.82)
Epoch: [0][4761/5005]	Time  0.074 ( 0.181)	Data  0.000 ( 0.112)	Loss 3.8912e+00 (4.9592e+00)	Acc@1  23.05 ( 11.02)	Acc@5  42.19 ( 25.86)
Epoch: [0][4771/5005]	Time  0.072 ( 0.181)	Data  0.000 ( 0.112)	Loss 3.9222e+00 (4.9571e+00)	Acc@1  23.83 ( 11.04)	Acc@5  46.88 ( 25.90)
Epoch: [0][4781/5005]	Time  0.074 ( 0.181)	Data  0.000 ( 0.112)	Loss 3.8414e+00 (4.9550e+00)	Acc@1  19.53 ( 11.06)	Acc@5  43.75 ( 25.93)
Epoch: [0][4791/5005]	Time  0.076 ( 0.181)	Data  0.000 ( 0.113)	Loss 3.9992e+00 (4.9529e+00)	Acc@1  19.92 ( 11.08)	Acc@5  40.23 ( 25.97)
Epoch: [0][4801/5005]	Time  0.072 ( 0.181)	Data  0.000 ( 0.112)	Loss 3.8361e+00 (4.9509e+00)	Acc@1  19.53 ( 11.10)	Acc@5  45.31 ( 26.01)
Epoch: [0][4811/5005]	Time  0.075 ( 0.181)	Data  0.000 ( 0.112)	Loss 3.9826e+00 (4.9489e+00)	Acc@1  15.62 ( 11.12)	Acc@5  44.14 ( 26.04)
Epoch: [0][4821/5005]	Time  0.075 ( 0.181)	Data  0.000 ( 0.112)	Loss 3.8969e+00 (4.9467e+00)	Acc@1  21.48 ( 11.15)	Acc@5  45.70 ( 26.08)
Epoch: [0][4831/5005]	Time  0.076 ( 0.181)	Data  0.000 ( 0.112)	Loss 3.8476e+00 (4.9448e+00)	Acc@1  23.83 ( 11.17)	Acc@5  45.70 ( 26.12)
Epoch: [0][4841/5005]	Time  0.073 ( 0.181)	Data  0.000 ( 0.112)	Loss 4.0329e+00 (4.9428e+00)	Acc@1  21.88 ( 11.19)	Acc@5  40.62 ( 26.15)
Epoch: [0][4851/5005]	Time  0.078 ( 0.181)	Data  0.000 ( 0.112)	Loss 3.9743e+00 (4.9408e+00)	Acc@1  21.88 ( 11.21)	Acc@5  41.41 ( 26.19)
Epoch: [0][4861/5005]	Time  0.073 ( 0.181)	Data  0.000 ( 0.112)	Loss 4.0529e+00 (4.9388e+00)	Acc@1  22.27 ( 11.23)	Acc@5  42.19 ( 26.22)
Epoch: [0][4871/5005]	Time  0.075 ( 0.181)	Data  0.000 ( 0.113)	Loss 3.8489e+00 (4.9367e+00)	Acc@1  23.44 ( 11.25)	Acc@5  48.05 ( 26.26)
Epoch: [0][4881/5005]	Time  0.077 ( 0.181)	Data  0.000 ( 0.113)	Loss 3.9447e+00 (4.9346e+00)	Acc@1  19.14 ( 11.27)	Acc@5  44.92 ( 26.29)
Epoch: [0][4891/5005]	Time  0.074 ( 0.181)	Data  0.000 ( 0.113)	Loss 4.0639e+00 (4.9327e+00)	Acc@1  21.48 ( 11.29)	Acc@5  41.02 ( 26.33)
Epoch: [0][4901/5005]	Time  0.073 ( 0.181)	Data  0.000 ( 0.113)	Loss 4.0410e+00 (4.9308e+00)	Acc@1  18.36 ( 11.31)	Acc@5  43.75 ( 26.36)
Epoch: [0][4911/5005]	Time  0.074 ( 0.181)	Data  0.000 ( 0.113)	Loss 3.7798e+00 (4.9289e+00)	Acc@1  24.61 ( 11.33)	Acc@5  47.66 ( 26.40)
Epoch: [0][4921/5005]	Time  0.074 ( 0.181)	Data  0.000 ( 0.113)	Loss 3.7373e+00 (4.9268e+00)	Acc@1  23.44 ( 11.35)	Acc@5  46.48 ( 26.43)
Epoch: [0][4931/5005]	Time  0.073 ( 0.181)	Data  0.000 ( 0.113)	Loss 4.3253e+00 (4.9247e+00)	Acc@1  20.31 ( 11.37)	Acc@5  37.11 ( 26.47)
Epoch: [0][4941/5005]	Time  0.076 ( 0.181)	Data  0.000 ( 0.113)	Loss 4.1437e+00 (4.9227e+00)	Acc@1  20.31 ( 11.39)	Acc@5  40.23 ( 26.51)
Epoch: [0][4951/5005]	Time  0.074 ( 0.181)	Data  0.000 ( 0.113)	Loss 3.8493e+00 (4.9207e+00)	Acc@1  19.53 ( 11.41)	Acc@5  45.70 ( 26.54)
Epoch: [0][4961/5005]	Time  0.076 ( 0.181)	Data  0.000 ( 0.113)	Loss 4.0087e+00 (4.9187e+00)	Acc@1  19.92 ( 11.43)	Acc@5  40.62 ( 26.58)
Epoch: [0][4971/5005]	Time  0.075 ( 0.181)	Data  0.000 ( 0.113)	Loss 3.7986e+00 (4.9168e+00)	Acc@1  24.61 ( 11.46)	Acc@5  45.70 ( 26.61)
Epoch: [0][4981/5005]	Time  0.073 ( 0.181)	Data  0.000 ( 0.113)	Loss 4.0342e+00 (4.9147e+00)	Acc@1  19.92 ( 11.48)	Acc@5  41.80 ( 26.65)
Epoch: [0][4991/5005]	Time  0.111 ( 0.181)	Data  0.000 ( 0.113)	Loss 3.8641e+00 (4.9127e+00)	Acc@1  21.48 ( 11.50)	Acc@5  44.92 ( 26.68)
Epoch: [0][5001/5005]	Time  0.074 ( 0.181)	Data  0.000 ( 0.113)	Loss 3.9820e+00 (4.9108e+00)	Acc@1  23.44 ( 11.52)	Acc@5  42.97 ( 26.72)
Test: [  1/196]	Time  2.399 ( 2.399)	Loss 2.7613e+00 (2.7613e+00)	Acc@1  43.36 ( 43.36)	Acc@5  66.80 ( 66.80)
Test: [ 11/196]	Time  0.036 ( 0.386)	Loss 4.4066e+00 (3.8451e+00)	Acc@1  16.80 ( 24.43)	Acc@5  34.38 ( 46.31)
Test: [ 21/196]	Time  0.035 ( 0.289)	Loss 3.8899e+00 (3.8218e+00)	Acc@1  27.34 ( 24.39)	Acc@5  42.19 ( 46.67)
Test: [ 31/196]	Time  0.035 ( 0.252)	Loss 3.6464e+00 (3.7859e+00)	Acc@1  20.70 ( 24.29)	Acc@5  47.66 ( 47.37)
Test: [ 41/196]	Time  1.345 ( 0.265)	Loss 4.0528e+00 (3.8824e+00)	Acc@1  15.23 ( 21.27)	Acc@5  39.45 ( 44.51)
Test: [ 51/196]	Time  0.046 ( 0.251)	Loss 3.5101e+00 (3.8340e+00)	Acc@1  17.58 ( 20.78)	Acc@5  50.39 ( 45.28)
Test: [ 61/196]	Time  0.036 ( 0.242)	Loss 4.0228e+00 (3.8150e+00)	Acc@1  12.50 ( 20.70)	Acc@5  39.84 ( 45.69)
Test: [ 71/196]	Time  0.034 ( 0.234)	Loss 3.5747e+00 (3.8152e+00)	Acc@1  26.56 ( 21.00)	Acc@5  51.17 ( 45.67)
Test: [ 81/196]	Time  0.937 ( 0.239)	Loss 4.0239e+00 (3.7559e+00)	Acc@1  21.09 ( 21.65)	Acc@5  43.75 ( 46.92)
Test: [ 91/196]	Time  0.036 ( 0.238)	Loss 5.4165e+00 (3.8206e+00)	Acc@1   8.59 ( 21.04)	Acc@5  16.41 ( 45.68)
Test: [101/196]	Time  0.034 ( 0.232)	Loss 4.7730e+00 (3.8681e+00)	Acc@1  11.33 ( 20.70)	Acc@5  29.30 ( 44.83)
Test: [111/196]	Time  0.034 ( 0.227)	Loss 3.7561e+00 (3.8797e+00)	Acc@1  26.17 ( 20.70)	Acc@5  46.48 ( 44.61)
Test: [121/196]	Time  0.894 ( 0.230)	Loss 4.9316e+00 (3.9309e+00)	Acc@1   5.86 ( 20.10)	Acc@5  23.44 ( 43.70)
Test: [131/196]	Time  0.069 ( 0.229)	Loss 3.8688e+00 (3.9548e+00)	Acc@1  20.31 ( 19.80)	Acc@5  45.70 ( 43.32)
Test: [141/196]	Time  0.035 ( 0.225)	Loss 4.6003e+00 (3.9773e+00)	Acc@1  10.55 ( 19.69)	Acc@5  27.73 ( 42.80)
Test: [151/196]	Time  0.034 ( 0.222)	Loss 4.7225e+00 (4.0082e+00)	Acc@1   8.20 ( 19.42)	Acc@5  29.69 ( 42.29)
Test: [161/196]	Time  1.322 ( 0.227)	Loss 4.3360e+00 (4.0268e+00)	Acc@1  13.28 ( 19.26)	Acc@5  32.81 ( 41.97)
Test: [171/196]	Time  0.079 ( 0.224)	Loss 3.3939e+00 (4.0443e+00)	Acc@1  25.78 ( 19.07)	Acc@5  55.47 ( 41.63)
Test: [181/196]	Time  0.034 ( 0.222)	Loss 2.9900e+00 (4.0456e+00)	Acc@1  27.73 ( 19.11)	Acc@5  59.38 ( 41.58)
Test: [191/196]	Time  0.056 ( 0.220)	Loss 3.2003e+00 (4.0021e+00)	Acc@1  32.42 ( 19.59)	Acc@5  59.38 ( 42.32)
 *   Acc@1 20.062 Acc@5 42.798
Imagenet training job ending at 09/08/25 17:10:38
